<?xml version="1.0" encoding="UTF-8"?>
<testsuite name="com.qa.trello.tests.tests.ProfileModificationTests" tests="1" skipped="0" failures="0" errors="0" timestamp="2020-05-23T19:59:10" hostname="dns" time="48.462">
  <properties/>
  <testcase name="testChangeProfileAvatar" classname="com.qa.trello.tests.tests.ProfileModificationTests" time="48.462"/>
  <system-out><![CDATA[22:59:10.843 [Test worker] INFO  com.qa.trello.tests.tests.TestBase - Start testtestChangeProfileAvatar
22:59:59.380 [Test worker] INFO  com.qa.trello.tests.tests.TestBase - Stop testtestChangeProfileAvatarwith parameters[]
]]></system-out>
  <system-err><![CDATA[]]></system-err>
</testsuite>
