<?xml version="1.0" encoding="UTF-8"?>
<testsuite name="com.qa.trello.tests.tests.ProfileModificationTests" tests="1" skipped="0" failures="0" errors="0" timestamp="2020-05-24T20:46:31" hostname="dns" time="152.586">
  <properties/>
  <testcase name="testChangeProfileAvatar" classname="com.qa.trello.tests.tests.ProfileModificationTests" time="152.586"/>
  <system-out><![CDATA[23:46:31.291 [Test worker] INFO  com.qa.trello.tests.tests.TestBase - Start testtestChangeProfileAvatar
CDwindow-F06ECE2CB1AF395867CE78DA9E8B2F59
CDwindow-823CD11F22AC002BBA523AEE6D9D4E0F
23:49:04.009 [Test worker] INFO  com.qa.trello.tests.tests.TestBase - screenshot before: 1590353191427.png
23:49:04.010 [Test worker] INFO  com.qa.trello.tests.tests.TestBase - screenshot after: 1590353319893.png
23:49:04.023 [Test worker] INFO  com.qa.trello.tests.tests.TestBase - Stop testtestChangeProfileAvatarwith parameters[]
]]></system-out>
  <system-err><![CDATA[]]></system-err>
</testsuite>
