<?xml version="1.0" encoding="UTF-8"?>
<testsuite name="com.qa.trello.tests.tests.TeamDeletionTests" tests="1" skipped="0" failures="0" errors="0" timestamp="2020-05-09T19:50:04" hostname="dns" time="9.909">
  <properties/>
  <testcase name="TeamDeletionTests" classname="com.qa.trello.tests.tests.TeamDeletionTests" time="9.909"/>
  <system-out><![CDATA[]]></system-out>
  <system-err><![CDATA[]]></system-err>
</testsuite>
