<?xml version="1.0" encoding="UTF-8"?>
<testsuite name="com.qa.trello.tests.BoardCreationTests" tests="1" skipped="0" failures="0" errors="0" timestamp="2020-05-03T08:27:01" hostname="dns" time="59.81">
  <properties/>
  <testcase name="testBoardCreation" classname="com.qa.trello.tests.BoardCreationTests" time="59.81"/>
  <system-out><![CDATA[]]></system-out>
  <system-err><![CDATA[[1588494429.455][SEVERE]: Timed out receiving message from renderer: 0.100
[1588494429.606][SEVERE]: Timed out receiving message from renderer: 0.100
[1588494429.710][SEVERE]: Timed out receiving message from renderer: 0.100
[1588494429.815][SEVERE]: Timed out receiving message from renderer: 0.100
[1588494429.925][SEVERE]: Timed out receiving message from renderer: 0.100
[1588494430.033][SEVERE]: Timed out receiving message from renderer: 0.100
[1588494430.137][SEVERE]: Timed out receiving message from renderer: 0.100
[1588494430.243][SEVERE]: Timed out receiving message from renderer: 0.100
[1588494430.345][SEVERE]: Timed out receiving message from renderer: 0.100
[1588494430.456][SEVERE]: Timed out receiving message from renderer: 0.100
[1588494430.560][SEVERE]: Timed out receiving message from renderer: 0.100
[1588494430.663][SEVERE]: Timed out receiving message from renderer: 0.100
[1588494430.767][SEVERE]: Timed out receiving message from renderer: 0.100
[1588494430.875][SEVERE]: Timed out receiving message from renderer: 0.100
[1588494431.005][SEVERE]: Timed out receiving message from renderer: 0.100
[1588494431.111][SEVERE]: Timed out receiving message from renderer: 0.100
[1588494431.220][SEVERE]: Timed out receiving message from renderer: 0.100
[1588494431.324][SEVERE]: Timed out receiving message from renderer: 0.100
[1588494431.580][SEVERE]: Timed out receiving message from renderer: 0.100
[1588494431.683][SEVERE]: Timed out receiving message from renderer: 0.100
[1588494431.785][SEVERE]: Timed out receiving message from renderer: 0.100
[1588494431.889][SEVERE]: Timed out receiving message from renderer: 0.100
[1588494431.995][SEVERE]: Timed out receiving message from renderer: 0.100
[1588494432.098][SEVERE]: Timed out receiving message from renderer: 0.100
[1588494432.205][SEVERE]: Timed out receiving message from renderer: 0.100
[1588494432.388][SEVERE]: Timed out receiving message from renderer: 0.100
[1588494432.494][SEVERE]: Timed out receiving message from renderer: 0.100
[1588494432.598][SEVERE]: Timed out receiving message from renderer: 0.100
[1588494432.704][SEVERE]: Timed out receiving message from renderer: 0.100
[1588494432.811][SEVERE]: Timed out receiving message from renderer: 0.100
[1588494448.065][SEVERE]: Timed out receiving message from renderer: 0.100
[1588494448.173][SEVERE]: Timed out receiving message from renderer: 0.100
[1588494448.276][SEVERE]: Timed out receiving message from renderer: 0.100
[1588494448.378][SEVERE]: Timed out receiving message from renderer: 0.100
[1588494448.482][SEVERE]: Timed out receiving message from renderer: 0.100
[1588494448.588][SEVERE]: Timed out receiving message from renderer: 0.100
[1588494448.692][SEVERE]: Timed out receiving message from renderer: 0.100
[1588494448.815][SEVERE]: Timed out receiving message from renderer: 0.100
[1588494448.918][SEVERE]: Timed out receiving message from renderer: 0.100
[1588494449.023][SEVERE]: Timed out receiving message from renderer: 0.100
[1588494449.128][SEVERE]: Timed out receiving message from renderer: 0.100
[1588494449.233][SEVERE]: Timed out receiving message from renderer: 0.100
[1588494449.337][SEVERE]: Timed out receiving message from renderer: 0.100
[1588494449.442][SEVERE]: Timed out receiving message from renderer: 0.100
[1588494449.551][SEVERE]: Timed out receiving message from renderer: 0.100
[1588494449.654][SEVERE]: Timed out receiving message from renderer: 0.100
[1588494449.755][SEVERE]: Timed out receiving message from renderer: 0.100
[1588494449.861][SEVERE]: Timed out receiving message from renderer: 0.100
[1588494449.966][SEVERE]: Timed out receiving message from renderer: 0.100
[1588494450.073][SEVERE]: Timed out receiving message from renderer: 0.100
[1588494450.176][SEVERE]: Timed out receiving message from renderer: 0.100
[1588494450.279][SEVERE]: Timed out receiving message from renderer: 0.100
[1588494450.381][SEVERE]: Timed out receiving message from renderer: 0.100
[1588494450.483][SEVERE]: Timed out receiving message from renderer: 0.100
[1588494450.585][SEVERE]: Timed out receiving message from renderer: 0.100
[1588494450.687][SEVERE]: Timed out receiving message from renderer: 0.100
[1588494450.799][SEVERE]: Timed out receiving message from renderer: 0.100
[1588494450.901][SEVERE]: Timed out receiving message from renderer: 0.100
[1588494451.003][SEVERE]: Timed out receiving message from renderer: 0.100
[1588494451.108][SEVERE]: Timed out receiving message from renderer: 0.100
[1588494451.212][SEVERE]: Timed out receiving message from renderer: 0.100
[1588494451.315][SEVERE]: Timed out receiving message from renderer: 0.100
[1588494451.417][SEVERE]: Timed out receiving message from renderer: 0.100
[1588494451.520][SEVERE]: Timed out receiving message from renderer: 0.100
[1588494451.622][SEVERE]: Timed out receiving message from renderer: 0.100
[1588494451.724][SEVERE]: Timed out receiving message from renderer: 0.100
[1588494451.827][SEVERE]: Timed out receiving message from renderer: 0.100
[1588494451.928][SEVERE]: Timed out receiving message from renderer: 0.100
[1588494452.032][SEVERE]: Timed out receiving message from renderer: 0.100
[1588494452.136][SEVERE]: Timed out receiving message from renderer: 0.100
[1588494452.237][SEVERE]: Timed out receiving message from renderer: 0.100
[1588494452.339][SEVERE]: Timed out receiving message from renderer: 0.100
[1588494452.441][SEVERE]: Timed out receiving message from renderer: 0.100
[1588494452.546][SEVERE]: Timed out receiving message from renderer: 0.100
[1588494452.649][SEVERE]: Timed out receiving message from renderer: 0.100
[1588494452.877][SEVERE]: Timed out receiving message from renderer: 0.100
[1588494452.982][SEVERE]: Timed out receiving message from renderer: 0.100
[1588494453.090][SEVERE]: Timed out receiving message from renderer: 0.100
[1588494453.195][SEVERE]: Timed out receiving message from renderer: 0.100
[1588494453.298][SEVERE]: Timed out receiving message from renderer: 0.100
[1588494453.400][SEVERE]: Timed out receiving message from renderer: 0.100
[1588494453.502][SEVERE]: Timed out receiving message from renderer: 0.100
[1588494453.604][SEVERE]: Timed out receiving message from renderer: 0.100
[1588494453.709][SEVERE]: Timed out receiving message from renderer: 0.100
[1588494453.812][SEVERE]: Timed out receiving message from renderer: 0.100
[1588494453.917][SEVERE]: Timed out receiving message from renderer: 0.100
[1588494454.030][SEVERE]: Timed out receiving message from renderer: 0.100
[1588494454.135][SEVERE]: Timed out receiving message from renderer: 0.100
[1588494454.241][SEVERE]: Timed out receiving message from renderer: 0.100
[1588494454.352][SEVERE]: Timed out receiving message from renderer: 0.100
[1588494454.458][SEVERE]: Timed out receiving message from renderer: 0.100
[1588494454.561][SEVERE]: Timed out receiving message from renderer: 0.100
[1588494454.663][SEVERE]: Timed out receiving message from renderer: 0.100
[1588494454.765][SEVERE]: Timed out receiving message from renderer: 0.100
[1588494454.868][SEVERE]: Timed out receiving message from renderer: 0.100
[1588494454.973][SEVERE]: Timed out receiving message from renderer: 0.100
[1588494455.079][SEVERE]: Timed out receiving message from renderer: 0.100
[1588494455.186][SEVERE]: Timed out receiving message from renderer: 0.100
[1588494455.293][SEVERE]: Timed out receiving message from renderer: 0.100
[1588494455.396][SEVERE]: Timed out receiving message from renderer: 0.100
[1588494455.501][SEVERE]: Timed out receiving message from renderer: 0.100
[1588494455.606][SEVERE]: Timed out receiving message from renderer: 0.100
[1588494455.710][SEVERE]: Timed out receiving message from renderer: 0.100
[1588494455.813][SEVERE]: Timed out receiving message from renderer: 0.100
[1588494459.817][SEVERE]: Timed out receiving message from renderer: 0.100
[1588494460.571][SEVERE]: Timed out receiving message from renderer: 0.100
[1588494461.508][SEVERE]: Timed out receiving message from renderer: 0.100
[1588494465.050][SEVERE]: Timed out receiving message from renderer: 0.100
]]></system-err>
</testsuite>
