<?xml version="1.0" encoding="UTF-8"?>
<testsuite name="com.qa.trello.tests.tests.BoardDeletionTests" tests="1" skipped="0" failures="1" errors="0" timestamp="2020-05-06T18:17:37" hostname="dns" time="80.179">
  <properties/>
  <testcase name="TestBoardDeletion" classname="com.qa.trello.tests.tests.BoardDeletionTests" time="80.179">
    <failure message="org.openqa.selenium.ElementNotInteractableException: element not interactable&#10;  (Session info: chrome=81.0.4044.138)&#10;Build info: version: '3.141.59', revision: 'e82be7d358', time: '2018-11-14T08:17:03'&#10;System info: host: 'DNS', ip: '192.168.172.2', os.name: 'Windows 8.1', os.arch: 'amd64', os.version: '6.3', java.version: '1.8.0_241'&#10;Driver info: org.openqa.selenium.chrome.ChromeDriver&#10;Capabilities {acceptInsecureCerts: false, browserName: chrome, browserVersion: 81.0.4044.138, chrome: {chromedriverVersion: 80.0.3987.106 (f68069574609..., userDataDir: C:\Users\user\AppData\Local...}, goog:chromeOptions: {debuggerAddress: localhost:55919}, javascriptEnabled: true, networkConnectionEnabled: false, pageLoadStrategy: normal, platform: WINDOWS, platformName: WINDOWS, proxy: Proxy(), setWindowRect: true, strictFileInteractability: false, timeouts: {implicit: 0, pageLoad: 300000, script: 30000}, unhandledPromptBehavior: dismiss and notify}&#10;Session ID: f717dd347ff445fe785afa141868f00e" type="org.openqa.selenium.ElementNotInteractableException">org.openqa.selenium.ElementNotInteractableException: element not interactable
  (Session info: chrome=81.0.4044.138)
Build info: version: '3.141.59', revision: 'e82be7d358', time: '2018-11-14T08:17:03'
System info: host: 'DNS', ip: '192.168.172.2', os.name: 'Windows 8.1', os.arch: 'amd64', os.version: '6.3', java.version: '1.8.0_241'
Driver info: org.openqa.selenium.chrome.ChromeDriver
Capabilities {acceptInsecureCerts: false, browserName: chrome, browserVersion: 81.0.4044.138, chrome: {chromedriverVersion: 80.0.3987.106 (f68069574609..., userDataDir: C:\Users\user\AppData\Local...}, goog:chromeOptions: {debuggerAddress: localhost:55919}, javascriptEnabled: true, networkConnectionEnabled: false, pageLoadStrategy: normal, platform: WINDOWS, platformName: WINDOWS, proxy: Proxy(), setWindowRect: true, strictFileInteractability: false, timeouts: {implicit: 0, pageLoad: 300000, script: 30000}, unhandledPromptBehavior: dismiss and notify}
Session ID: f717dd347ff445fe785afa141868f00e
	at sun.reflect.NativeConstructorAccessorImpl.newInstance0(Native Method)
	at sun.reflect.NativeConstructorAccessorImpl.newInstance(NativeConstructorAccessorImpl.java:62)
	at sun.reflect.DelegatingConstructorAccessorImpl.newInstance(DelegatingConstructorAccessorImpl.java:45)
	at java.lang.reflect.Constructor.newInstance(Constructor.java:423)
	at org.openqa.selenium.remote.http.W3CHttpResponseCodec.createException(W3CHttpResponseCodec.java:187)
	at org.openqa.selenium.remote.http.W3CHttpResponseCodec.decode(W3CHttpResponseCodec.java:122)
	at org.openqa.selenium.remote.http.W3CHttpResponseCodec.decode(W3CHttpResponseCodec.java:49)
	at org.openqa.selenium.remote.HttpCommandExecutor.execute(HttpCommandExecutor.java:158)
	at org.openqa.selenium.remote.service.DriverCommandExecutor.execute(DriverCommandExecutor.java:83)
	at org.openqa.selenium.remote.RemoteWebDriver.execute(RemoteWebDriver.java:552)
	at org.openqa.selenium.remote.RemoteWebElement.execute(RemoteWebElement.java:285)
	at org.openqa.selenium.remote.RemoteWebElement.click(RemoteWebElement.java:84)
	at com.qa.trello.tests.framework.HelperBase.click(HelperBase.java:34)
	at com.qa.trello.tests.framework.BoardHelper.clickMoreButton(BoardHelper.java:51)
	at com.qa.trello.tests.tests.BoardDeletionTests.TestBoardDeletion(BoardDeletionTests.java:29)
	at sun.reflect.NativeMethodAccessorImpl.invoke0(Native Method)
	at sun.reflect.NativeMethodAccessorImpl.invoke(NativeMethodAccessorImpl.java:62)
	at sun.reflect.DelegatingMethodAccessorImpl.invoke(DelegatingMethodAccessorImpl.java:43)
	at java.lang.reflect.Method.invoke(Method.java:498)
	at org.testng.internal.MethodInvocationHelper.invokeMethod(MethodInvocationHelper.java:134)
	at org.testng.internal.TestInvoker.invokeMethod(TestInvoker.java:597)
	at org.testng.internal.TestInvoker.invokeTestMethod(TestInvoker.java:173)
	at org.testng.internal.MethodRunner.runInSequence(MethodRunner.java:46)
	at org.testng.internal.TestInvoker$MethodInvocationAgent.invoke(TestInvoker.java:816)
	at org.testng.internal.TestInvoker.invokeTestMethods(TestInvoker.java:146)
	at org.testng.internal.TestMethodWorker.invokeTestMethods(TestMethodWorker.java:146)
	at org.testng.internal.TestMethodWorker.run(TestMethodWorker.java:128)
	at java.util.ArrayList.forEach(ArrayList.java:1257)
	at org.testng.TestRunner.privateRun(TestRunner.java:766)
	at org.testng.TestRunner.run(TestRunner.java:587)
	at org.testng.SuiteRunner.runTest(SuiteRunner.java:384)
	at org.testng.SuiteRunner.runSequentially(SuiteRunner.java:378)
	at org.testng.SuiteRunner.privateRun(SuiteRunner.java:337)
	at org.testng.SuiteRunner.run(SuiteRunner.java:286)
	at org.testng.SuiteRunnerWorker.runSuite(SuiteRunnerWorker.java:53)
	at org.testng.SuiteRunnerWorker.run(SuiteRunnerWorker.java:96)
	at org.testng.TestNG.runSuitesSequentially(TestNG.java:1187)
	at org.testng.TestNG.runSuitesLocally(TestNG.java:1109)
	at org.testng.TestNG.runSuites(TestNG.java:1039)
	at org.testng.TestNG.run(TestNG.java:1007)
	at org.gradle.api.internal.tasks.testing.testng.TestNGTestClassProcessor.runTests(TestNGTestClassProcessor.java:141)
	at org.gradle.api.internal.tasks.testing.testng.TestNGTestClassProcessor.stop(TestNGTestClassProcessor.java:90)
	at org.gradle.api.internal.tasks.testing.SuiteTestClassProcessor.stop(SuiteTestClassProcessor.java:61)
	at sun.reflect.NativeMethodAccessorImpl.invoke0(Native Method)
	at sun.reflect.NativeMethodAccessorImpl.invoke(NativeMethodAccessorImpl.java:62)
	at sun.reflect.DelegatingMethodAccessorImpl.invoke(DelegatingMethodAccessorImpl.java:43)
	at java.lang.reflect.Method.invoke(Method.java:498)
	at org.gradle.internal.dispatch.ReflectionDispatch.dispatch(ReflectionDispatch.java:35)
	at org.gradle.internal.dispatch.ReflectionDispatch.dispatch(ReflectionDispatch.java:24)
	at org.gradle.internal.dispatch.ContextClassLoaderDispatch.dispatch(ContextClassLoaderDispatch.java:32)
	at org.gradle.internal.dispatch.ProxyDispatchAdapter$DispatchingInvocationHandler.invoke(ProxyDispatchAdapter.java:93)
	at com.sun.proxy.$Proxy2.stop(Unknown Source)
	at org.gradle.api.internal.tasks.testing.worker.TestWorker.stop(TestWorker.java:132)
	at sun.reflect.NativeMethodAccessorImpl.invoke0(Native Method)
	at sun.reflect.NativeMethodAccessorImpl.invoke(NativeMethodAccessorImpl.java:62)
	at sun.reflect.DelegatingMethodAccessorImpl.invoke(DelegatingMethodAccessorImpl.java:43)
	at java.lang.reflect.Method.invoke(Method.java:498)
	at org.gradle.internal.dispatch.ReflectionDispatch.dispatch(ReflectionDispatch.java:35)
	at org.gradle.internal.dispatch.ReflectionDispatch.dispatch(ReflectionDispatch.java:24)
	at org.gradle.internal.remote.internal.hub.MessageHubBackedObjectConnection$DispatchWrapper.dispatch(MessageHubBackedObjectConnection.java:175)
	at org.gradle.internal.remote.internal.hub.MessageHubBackedObjectConnection$DispatchWrapper.dispatch(MessageHubBackedObjectConnection.java:157)
	at org.gradle.internal.remote.internal.hub.MessageHub$Handler.run(MessageHub.java:404)
	at org.gradle.internal.concurrent.ExecutorPolicy$CatchAndRecordFailures.onExecute(ExecutorPolicy.java:63)
	at org.gradle.internal.concurrent.ManagedExecutorImpl$1.run(ManagedExecutorImpl.java:46)
	at java.util.concurrent.ThreadPoolExecutor.runWorker(ThreadPoolExecutor.java:1149)
	at java.util.concurrent.ThreadPoolExecutor$Worker.run(ThreadPoolExecutor.java:624)
	at org.gradle.internal.concurrent.ThreadFactoryImpl$ManagedThreadRunnable.run(ThreadFactoryImpl.java:55)
	at java.lang.Thread.run(Thread.java:748)
</failure>
  </testcase>
  <system-out><![CDATA[]]></system-out>
  <system-err><![CDATA[[1588789063.413][SEVERE]: Timed out receiving message from renderer: 0.100
[1588789063.517][SEVERE]: Timed out receiving message from renderer: 0.100
[1588789063.623][SEVERE]: Timed out receiving message from renderer: 0.100
[1588789063.726][SEVERE]: Timed out receiving message from renderer: 0.100
[1588789063.828][SEVERE]: Timed out receiving message from renderer: 0.100
[1588789063.930][SEVERE]: Timed out receiving message from renderer: 0.100
[1588789064.034][SEVERE]: Timed out receiving message from renderer: 0.100
[1588789064.140][SEVERE]: Timed out receiving message from renderer: 0.100
[1588789064.250][SEVERE]: Timed out receiving message from renderer: 0.100
[1588789064.357][SEVERE]: Timed out receiving message from renderer: 0.100
[1588789064.463][SEVERE]: Timed out receiving message from renderer: 0.100
[1588789064.568][SEVERE]: Timed out receiving message from renderer: 0.100
[1588789064.673][SEVERE]: Timed out receiving message from renderer: 0.100
[1588789064.778][SEVERE]: Timed out receiving message from renderer: 0.100
[1588789064.884][SEVERE]: Timed out receiving message from renderer: 0.100
[1588789065.000][SEVERE]: Timed out receiving message from renderer: 0.100
[1588789065.141][SEVERE]: Timed out receiving message from renderer: 0.100
[1588789065.243][SEVERE]: Timed out receiving message from renderer: 0.100
[1588789065.353][SEVERE]: Timed out receiving message from renderer: 0.100
[1588789065.455][SEVERE]: Timed out receiving message from renderer: 0.100
[1588789065.560][SEVERE]: Timed out receiving message from renderer: 0.100
[1588789065.665][SEVERE]: Timed out receiving message from renderer: 0.100
[1588789065.779][SEVERE]: Timed out receiving message from renderer: 0.100
[1588789065.884][SEVERE]: Timed out receiving message from renderer: 0.100
[1588789065.999][SEVERE]: Timed out receiving message from renderer: 0.100
[1588789066.107][SEVERE]: Timed out receiving message from renderer: 0.100
[1588789066.212][SEVERE]: Timed out receiving message from renderer: 0.100
[1588789066.319][SEVERE]: Timed out receiving message from renderer: 0.100
[1588789066.422][SEVERE]: Timed out receiving message from renderer: 0.100
[1588789066.524][SEVERE]: Timed out receiving message from renderer: 0.100
[1588789066.629][SEVERE]: Timed out receiving message from renderer: 0.100
[1588789066.734][SEVERE]: Timed out receiving message from renderer: 0.100
[1588789066.841][SEVERE]: Timed out receiving message from renderer: 0.100
[1588789085.150][SEVERE]: Timed out receiving message from renderer: 0.100
[1588789089.611][SEVERE]: Timed out receiving message from renderer: 0.100
[1588789099.828][SEVERE]: Timed out receiving message from renderer: 0.100
[1588789099.930][SEVERE]: Timed out receiving message from renderer: 0.100
[1588789100.031][SEVERE]: Timed out receiving message from renderer: 0.100
[1588789100.133][SEVERE]: Timed out receiving message from renderer: 0.100
[1588789100.236][SEVERE]: Timed out receiving message from renderer: 0.100
[1588789100.341][SEVERE]: Timed out receiving message from renderer: 0.100
[1588789100.446][SEVERE]: Timed out receiving message from renderer: 0.100
[1588789100.566][SEVERE]: Timed out receiving message from renderer: 0.100
[1588789100.677][SEVERE]: Timed out receiving message from renderer: 0.100
[1588789100.779][SEVERE]: Timed out receiving message from renderer: 0.100
[1588789100.890][SEVERE]: Timed out receiving message from renderer: 0.100
[1588789100.992][SEVERE]: Timed out receiving message from renderer: 0.100
[1588789101.094][SEVERE]: Timed out receiving message from renderer: 0.100
[1588789101.201][SEVERE]: Timed out receiving message from renderer: 0.100
[1588789101.304][SEVERE]: Timed out receiving message from renderer: 0.100
[1588789102.598][SEVERE]: Timed out receiving message from renderer: 0.100
[1588789102.701][SEVERE]: Timed out receiving message from renderer: 0.100
[1588789102.805][SEVERE]: Timed out receiving message from renderer: 0.100
[1588789102.907][SEVERE]: Timed out receiving message from renderer: 0.100
[1588789103.012][SEVERE]: Timed out receiving message from renderer: 0.100
[1588789103.115][SEVERE]: Timed out receiving message from renderer: 0.100
[1588789103.221][SEVERE]: Timed out receiving message from renderer: 0.100
[1588789103.326][SEVERE]: Timed out receiving message from renderer: 0.100
[1588789103.431][SEVERE]: Timed out receiving message from renderer: 0.100
[1588789103.537][SEVERE]: Timed out receiving message from renderer: 0.100
[1588789103.640][SEVERE]: Timed out receiving message from renderer: 0.100
[1588789103.742][SEVERE]: Timed out receiving message from renderer: 0.100
[1588789103.844][SEVERE]: Timed out receiving message from renderer: 0.100
[1588789103.949][SEVERE]: Timed out receiving message from renderer: 0.100
[1588789104.054][SEVERE]: Timed out receiving message from renderer: 0.100
[1588789104.156][SEVERE]: Timed out receiving message from renderer: 0.100
[1588789104.258][SEVERE]: Timed out receiving message from renderer: 0.100
[1588789104.361][SEVERE]: Timed out receiving message from renderer: 0.100
[1588789104.518][SEVERE]: Timed out receiving message from renderer: 0.100
[1588789104.620][SEVERE]: Timed out receiving message from renderer: 0.100
[1588789104.723][SEVERE]: Timed out receiving message from renderer: 0.100
[1588789104.825][SEVERE]: Timed out receiving message from renderer: 0.100
[1588789104.934][SEVERE]: Timed out receiving message from renderer: 0.100
[1588789105.041][SEVERE]: Timed out receiving message from renderer: 0.100
[1588789105.143][SEVERE]: Timed out receiving message from renderer: 0.100
[1588789105.246][SEVERE]: Timed out receiving message from renderer: 0.100
[1588789105.350][SEVERE]: Timed out receiving message from renderer: 0.100
[1588789105.455][SEVERE]: Timed out receiving message from renderer: 0.100
[1588789105.560][SEVERE]: Timed out receiving message from renderer: 0.100
[1588789105.673][SEVERE]: Timed out receiving message from renderer: 0.100
[1588789105.776][SEVERE]: Timed out receiving message from renderer: 0.100
[1588789105.878][SEVERE]: Timed out receiving message from renderer: 0.100
[1588789105.981][SEVERE]: Timed out receiving message from renderer: 0.100
[1588789106.089][SEVERE]: Timed out receiving message from renderer: 0.100
[1588789106.191][SEVERE]: Timed out receiving message from renderer: 0.100
[1588789106.293][SEVERE]: Timed out receiving message from renderer: 0.100
[1588789106.395][SEVERE]: Timed out receiving message from renderer: 0.100
[1588789106.501][SEVERE]: Timed out receiving message from renderer: 0.100
[1588789106.609][SEVERE]: Timed out receiving message from renderer: 0.100
[1588789106.711][SEVERE]: Timed out receiving message from renderer: 0.100
[1588789106.814][SEVERE]: Timed out receiving message from renderer: 0.100
[1588789106.916][SEVERE]: Timed out receiving message from renderer: 0.100
[1588789107.018][SEVERE]: Timed out receiving message from renderer: 0.100
[1588789107.130][SEVERE]: Timed out receiving message from renderer: 0.100
[1588789107.236][SEVERE]: Timed out receiving message from renderer: 0.100
[1588789107.343][SEVERE]: Timed out receiving message from renderer: 0.100
[1588789107.444][SEVERE]: Timed out receiving message from renderer: 0.100
[1588789107.794][SEVERE]: Timed out receiving message from renderer: 0.100
[1588789107.898][SEVERE]: Timed out receiving message from renderer: 0.100
[1588789108.004][SEVERE]: Timed out receiving message from renderer: 0.100
[1588789108.109][SEVERE]: Timed out receiving message from renderer: 0.100
[1588789108.214][SEVERE]: Timed out receiving message from renderer: 0.100
[1588789108.319][SEVERE]: Timed out receiving message from renderer: 0.100
[1588789108.424][SEVERE]: Timed out receiving message from renderer: 0.100
[1588789108.529][SEVERE]: Timed out receiving message from renderer: 0.100
[1588789108.634][SEVERE]: Timed out receiving message from renderer: 0.100
[1588789108.746][SEVERE]: Timed out receiving message from renderer: 0.100
[1588789108.860][SEVERE]: Timed out receiving message from renderer: 0.100
[1588789108.977][SEVERE]: Timed out receiving message from renderer: 0.100
[1588789109.079][SEVERE]: Timed out receiving message from renderer: 0.100
[1588789109.199][SEVERE]: Timed out receiving message from renderer: 0.100
[1588789109.304][SEVERE]: Timed out receiving message from renderer: 0.100
[1588789109.407][SEVERE]: Timed out receiving message from renderer: 0.100
[1588789109.514][SEVERE]: Timed out receiving message from renderer: 0.100
[1588789109.624][SEVERE]: Timed out receiving message from renderer: 0.100
[1588789109.801][SEVERE]: Timed out receiving message from renderer: 0.100
[1588789109.906][SEVERE]: Timed out receiving message from renderer: 0.100
[1588789110.016][SEVERE]: Timed out receiving message from renderer: 0.100
[1588789110.119][SEVERE]: Timed out receiving message from renderer: 0.100
[1588789110.220][SEVERE]: Timed out receiving message from renderer: 0.100
[1588789110.322][SEVERE]: Timed out receiving message from renderer: 0.100
[1588789110.427][SEVERE]: Timed out receiving message from renderer: 0.100
[1588789110.533][SEVERE]: Timed out receiving message from renderer: 0.100
[1588789110.644][SEVERE]: Timed out receiving message from renderer: 0.100
[1588789110.749][SEVERE]: Timed out receiving message from renderer: 0.100
[1588789110.856][SEVERE]: Timed out receiving message from renderer: 0.100
[1588789110.960][SEVERE]: Timed out receiving message from renderer: 0.100
[1588789111.066][SEVERE]: Timed out receiving message from renderer: 0.100
[1588789111.171][SEVERE]: Timed out receiving message from renderer: 0.100
[1588789111.276][SEVERE]: Timed out receiving message from renderer: 0.100
[1588789111.378][SEVERE]: Timed out receiving message from renderer: 0.100
[1588789111.481][SEVERE]: Timed out receiving message from renderer: 0.100
[1588789111.583][SEVERE]: Timed out receiving message from renderer: 0.100
[1588789111.685][SEVERE]: Timed out receiving message from renderer: 0.100
[1588789111.790][SEVERE]: Timed out receiving message from renderer: 0.100
[1588789111.893][SEVERE]: Timed out receiving message from renderer: 0.100
[1588789111.998][SEVERE]: Timed out receiving message from renderer: 0.100
[1588789112.863][SEVERE]: Timed out receiving message from renderer: 0.100
[1588789113.313][SEVERE]: Timed out receiving message from renderer: 0.100
]]></system-err>
</testsuite>
