<?xml version="1.0" encoding="UTF-8"?>
<testsuite name="com.qa.trello.tests.tests.TeamChangeTest" tests="1" skipped="0" failures="0" errors="0" timestamp="2020-05-09T19:49:48" hostname="dns" time="9.492">
  <properties/>
  <testcase name="changeTeamTests" classname="com.qa.trello.tests.tests.TeamChangeTest" time="9.492"/>
  <system-out><![CDATA[]]></system-out>
  <system-err><![CDATA[]]></system-err>
</testsuite>
