<?xml version="1.0" encoding="UTF-8"?>
<testsuite name="com.qa.trello.tests.TeamDeletionTests" tests="1" skipped="0" failures="0" errors="0" timestamp="2020-05-01T12:06:27" hostname="dns" time="29.157">
  <properties/>
  <testcase name="TeamDeletionTests" classname="com.qa.trello.tests.TeamDeletionTests" time="29.157"/>
  <system-out><![CDATA[was:  28now:  27
]]></system-out>
  <system-err><![CDATA[Starting ChromeDriver 80.0.3987.106 (f68069574609230cf9b635cd784cfb1bf81bb53a-refs/branch-heads/3987@{#882}) on port 28060
Only local connections are allowed.
Please protect ports used by ChromeDriver and related test frameworks to prevent access by malicious code.
[1588334586.708][WARNING]: This version of ChromeDriver has not been tested with Chrome version 81.
мая 01, 2020 3:03:09 PM org.openqa.selenium.remote.ProtocolHandshake createSession
INFO: Detected dialect: W3C
[1588334593.625][SEVERE]: Timed out receiving message from renderer: 0.100
[1588334593.741][SEVERE]: Timed out receiving message from renderer: 0.100
[1588334593.845][SEVERE]: Timed out receiving message from renderer: 0.100
[1588334593.952][SEVERE]: Timed out receiving message from renderer: 0.100
[1588334594.066][SEVERE]: Timed out receiving message from renderer: 0.100
[1588334594.192][SEVERE]: Timed out receiving message from renderer: 0.100
[1588334618.524][SEVERE]: Timed out receiving message from renderer: 0.100
[1588334619.076][SEVERE]: Timed out receiving message from renderer: 0.100
[1588334619.178][SEVERE]: Timed out receiving message from renderer: 0.100
[1588334619.283][SEVERE]: Timed out receiving message from renderer: 0.100
[1588334619.391][SEVERE]: Timed out receiving message from renderer: 0.100
[1588334619.495][SEVERE]: Timed out receiving message from renderer: 0.100
[1588334619.599][SEVERE]: Timed out receiving message from renderer: 0.100
[1588334619.707][SEVERE]: Timed out receiving message from renderer: 0.100
[1588334619.815][SEVERE]: Timed out receiving message from renderer: 0.100
[1588334619.919][SEVERE]: Timed out receiving message from renderer: 0.100
[1588334620.023][SEVERE]: Timed out receiving message from renderer: 0.100
[1588334620.131][SEVERE]: Timed out receiving message from renderer: 0.100
[1588334620.239][SEVERE]: Timed out receiving message from renderer: 0.100
[1588334620.347][SEVERE]: Timed out receiving message from renderer: 0.100
[1588334620.451][SEVERE]: Timed out receiving message from renderer: 0.100
[1588334620.555][SEVERE]: Timed out receiving message from renderer: 0.100
[1588334620.663][SEVERE]: Timed out receiving message from renderer: 0.100
[1588334620.771][SEVERE]: Timed out receiving message from renderer: 0.100
[1588334620.879][SEVERE]: Timed out receiving message from renderer: 0.100
[1588334620.983][SEVERE]: Timed out receiving message from renderer: 0.100
[1588334621.180][SEVERE]: Timed out receiving message from renderer: 0.100
[1588334621.288][SEVERE]: Timed out receiving message from renderer: 0.100
[1588334621.391][SEVERE]: Timed out receiving message from renderer: 0.100
[1588334621.495][SEVERE]: Timed out receiving message from renderer: 0.100
[1588334621.599][SEVERE]: Timed out receiving message from renderer: 0.100
[1588334621.703][SEVERE]: Timed out receiving message from renderer: 0.100
[1588334621.895][SEVERE]: Timed out receiving message from renderer: 0.100
[1588334621.999][SEVERE]: Timed out receiving message from renderer: 0.100
[1588334622.107][SEVERE]: Timed out receiving message from renderer: 0.100
[1588334622.212][SEVERE]: Timed out receiving message from renderer: 0.100
[1588334622.319][SEVERE]: Timed out receiving message from renderer: 0.100
[1588334622.423][SEVERE]: Timed out receiving message from renderer: 0.100
[1588334622.532][SEVERE]: Timed out receiving message from renderer: 0.100
[1588334622.640][SEVERE]: Timed out receiving message from renderer: 0.100
[1588334622.878][SEVERE]: Timed out receiving message from renderer: 0.100
[1588334622.982][SEVERE]: Timed out receiving message from renderer: 0.100
[1588334623.090][SEVERE]: Timed out receiving message from renderer: 0.100
[1588334623.202][SEVERE]: Timed out receiving message from renderer: 0.100
[1588334623.317][SEVERE]: Timed out receiving message from renderer: 0.100
[1588334623.441][SEVERE]: Timed out receiving message from renderer: 0.100
[1588334623.551][SEVERE]: Timed out receiving message from renderer: 0.100
[1588334623.655][SEVERE]: Timed out receiving message from renderer: 0.100
[1588334623.759][SEVERE]: Timed out receiving message from renderer: 0.100
[1588334623.867][SEVERE]: Timed out receiving message from renderer: 0.100
[1588334623.971][SEVERE]: Timed out receiving message from renderer: 0.100
[1588334624.076][SEVERE]: Timed out receiving message from renderer: 0.100
[1588334624.203][SEVERE]: Timed out receiving message from renderer: 0.100
[1588334624.306][SEVERE]: Timed out receiving message from renderer: 0.100
[1588334624.419][SEVERE]: Timed out receiving message from renderer: 0.100
[1588334624.523][SEVERE]: Timed out receiving message from renderer: 0.100
[1588334624.631][SEVERE]: Timed out receiving message from renderer: 0.100
[1588334624.739][SEVERE]: Timed out receiving message from renderer: 0.100
[1588334624.841][SEVERE]: Timed out receiving message from renderer: 0.100
[1588334624.957][SEVERE]: Timed out receiving message from renderer: 0.100
[1588334625.061][SEVERE]: Timed out receiving message from renderer: 0.100
[1588334625.169][SEVERE]: Timed out receiving message from renderer: 0.100
[1588334625.273][SEVERE]: Timed out receiving message from renderer: 0.100
[1588334625.377][SEVERE]: Timed out receiving message from renderer: 0.100
[1588334625.486][SEVERE]: Timed out receiving message from renderer: 0.100
[1588334625.605][SEVERE]: Timed out receiving message from renderer: 0.100
[1588334625.709][SEVERE]: Timed out receiving message from renderer: 0.100
[1588334625.825][SEVERE]: Timed out receiving message from renderer: 0.100
[1588334625.977][SEVERE]: Timed out receiving message from renderer: 0.100
[1588334626.197][SEVERE]: Timed out receiving message from renderer: 0.100
[1588334626.321][SEVERE]: Timed out receiving message from renderer: 0.100
[1588334626.426][SEVERE]: Timed out receiving message from renderer: 0.100
[1588334626.534][SEVERE]: Timed out receiving message from renderer: 0.100
[1588334626.642][SEVERE]: Timed out receiving message from renderer: 0.100
[1588334626.746][SEVERE]: Timed out receiving message from renderer: 0.100
[1588334626.850][SEVERE]: Timed out receiving message from renderer: 0.100
[1588334626.954][SEVERE]: Timed out receiving message from renderer: 0.100
[1588334627.058][SEVERE]: Timed out receiving message from renderer: 0.100
[1588334627.162][SEVERE]: Timed out receiving message from renderer: 0.100
[1588334627.266][SEVERE]: Timed out receiving message from renderer: 0.100
[1588334627.370][SEVERE]: Timed out receiving message from renderer: 0.100
[1588334627.478][SEVERE]: Timed out receiving message from renderer: 0.100
[1588334627.586][SEVERE]: Timed out receiving message from renderer: 0.100
[1588334627.690][SEVERE]: Timed out receiving message from renderer: 0.100
[1588334627.800][SEVERE]: Timed out receiving message from renderer: 0.100
[1588334627.905][SEVERE]: Timed out receiving message from renderer: 0.100
[1588334628.009][SEVERE]: Timed out receiving message from renderer: 0.100
[1588334628.113][SEVERE]: Timed out receiving message from renderer: 0.100
[1588334633.507][SEVERE]: Timed out receiving message from renderer: 0.100
[1588334634.256][SEVERE]: Timed out receiving message from renderer: 0.100
[1588334634.365][SEVERE]: Timed out receiving message from renderer: 0.100
[1588334634.487][SEVERE]: Timed out receiving message from renderer: 0.100
[1588334634.595][SEVERE]: Timed out receiving message from renderer: 0.100
[1588334634.703][SEVERE]: Timed out receiving message from renderer: 0.100
[1588334634.807][SEVERE]: Timed out receiving message from renderer: 0.100
[1588334634.915][SEVERE]: Timed out receiving message from renderer: 0.100
[1588334635.036][SEVERE]: Timed out receiving message from renderer: 0.100
[1588334635.147][SEVERE]: Timed out receiving message from renderer: 0.100
[1588334635.330][SEVERE]: Timed out receiving message from renderer: 0.100
[1588334635.438][SEVERE]: Timed out receiving message from renderer: 0.100
[1588334635.542][SEVERE]: Timed out receiving message from renderer: 0.100
[1588334635.644][SEVERE]: Timed out receiving message from renderer: 0.100
[1588334635.747][SEVERE]: Timed out receiving message from renderer: 0.100
[1588334635.856][SEVERE]: Timed out receiving message from renderer: 0.100
[1588334635.963][SEVERE]: Timed out receiving message from renderer: 0.100
[1588334648.175][SEVERE]: Timed out receiving message from renderer: 0.100
[1588334648.611][SEVERE]: Timed out receiving message from renderer: 0.100
[1588334648.720][SEVERE]: Timed out receiving message from renderer: 0.100
[1588334648.827][SEVERE]: Timed out receiving message from renderer: 0.100
[1588334648.931][SEVERE]: Timed out receiving message from renderer: 0.100
[1588334649.035][SEVERE]: Timed out receiving message from renderer: 0.100
[1588334649.141][SEVERE]: Timed out receiving message from renderer: 0.100
[1588334649.253][SEVERE]: Timed out receiving message from renderer: 0.100
[1588334649.496][SEVERE]: Timed out receiving message from renderer: 0.100
[1588334649.788][SEVERE]: Timed out receiving message from renderer: 0.100
[1588334649.892][SEVERE]: Timed out receiving message from renderer: 0.100
[1588334649.996][SEVERE]: Timed out receiving message from renderer: 0.100
[1588334650.103][SEVERE]: Timed out receiving message from renderer: 0.100
[1588334650.212][SEVERE]: Timed out receiving message from renderer: 0.100
[1588334650.316][SEVERE]: Timed out receiving message from renderer: 0.100
[1588334650.420][SEVERE]: Timed out receiving message from renderer: 0.100
[1588334650.525][SEVERE]: Timed out receiving message from renderer: 0.100
[1588334657.760][SEVERE]: Timed out receiving message from renderer: 0.100
[1588334657.864][SEVERE]: Timed out receiving message from renderer: 0.100
[1588334657.970][SEVERE]: Timed out receiving message from renderer: 0.100
[1588334658.078][SEVERE]: Timed out receiving message from renderer: 0.100
[1588334658.182][SEVERE]: Timed out receiving message from renderer: 0.100
[1588334658.284][SEVERE]: Timed out receiving message from renderer: 0.100
[1588334658.399][SEVERE]: Timed out receiving message from renderer: 0.100
[1588334658.504][SEVERE]: Timed out receiving message from renderer: 0.100
[1588334658.611][SEVERE]: Timed out receiving message from renderer: 0.100
[1588334658.716][SEVERE]: Timed out receiving message from renderer: 0.100
[1588334658.823][SEVERE]: Timed out receiving message from renderer: 0.100
[1588334658.927][SEVERE]: Timed out receiving message from renderer: 0.100
[1588334659.043][SEVERE]: Timed out receiving message from renderer: 0.100
[1588334659.159][SEVERE]: Timed out receiving message from renderer: 0.100
[1588334659.271][SEVERE]: Timed out receiving message from renderer: 0.100
[1588334659.375][SEVERE]: Timed out receiving message from renderer: 0.100
[1588334659.483][SEVERE]: Timed out receiving message from renderer: 0.100
[1588334659.591][SEVERE]: Timed out receiving message from renderer: 0.100
[1588334659.696][SEVERE]: Timed out receiving message from renderer: 0.100
[1588334659.936][SEVERE]: Timed out receiving message from renderer: 0.100
[1588334660.048][SEVERE]: Timed out receiving message from renderer: 0.100
[1588334663.146][SEVERE]: Timed out receiving message from renderer: 0.100
[1588334663.250][SEVERE]: Timed out receiving message from renderer: 0.100
[1588334663.354][SEVERE]: Timed out receiving message from renderer: 0.100
[1588334663.458][SEVERE]: Timed out receiving message from renderer: 0.100
[1588334663.563][SEVERE]: Timed out receiving message from renderer: 0.100
[1588334663.670][SEVERE]: Timed out receiving message from renderer: 0.100
[1588334663.774][SEVERE]: Timed out receiving message from renderer: 0.100
[1588334663.876][SEVERE]: Timed out receiving message from renderer: 0.100
[1588334663.981][SEVERE]: Timed out receiving message from renderer: 0.100
[1588334664.089][SEVERE]: Timed out receiving message from renderer: 0.100
[1588334664.193][SEVERE]: Timed out receiving message from renderer: 0.100
[1588334664.297][SEVERE]: Timed out receiving message from renderer: 0.100
[1588334664.401][SEVERE]: Timed out receiving message from renderer: 0.100
[1588334664.505][SEVERE]: Timed out receiving message from renderer: 0.100
[1588334664.609][SEVERE]: Timed out receiving message from renderer: 0.100
[1588334664.713][SEVERE]: Timed out receiving message from renderer: 0.100
[1588334664.817][SEVERE]: Timed out receiving message from renderer: 0.100
[1588334664.921][SEVERE]: Timed out receiving message from renderer: 0.100
[1588334665.025][SEVERE]: Timed out receiving message from renderer: 0.100
[1588334665.134][SEVERE]: Timed out receiving message from renderer: 0.100
[1588334665.241][SEVERE]: Timed out receiving message from renderer: 0.100
[1588334665.347][SEVERE]: Timed out receiving message from renderer: 0.100
[1588334665.453][SEVERE]: Timed out receiving message from renderer: 0.100
[1588334665.561][SEVERE]: Timed out receiving message from renderer: 0.100
[1588334670.600][SEVERE]: Timed out receiving message from renderer: 0.100
[1588334676.114][SEVERE]: Timed out receiving message from renderer: 0.100
[1588334676.221][SEVERE]: Timed out receiving message from renderer: 0.100
[1588334676.325][SEVERE]: Timed out receiving message from renderer: 0.100
[1588334676.433][SEVERE]: Timed out receiving message from renderer: 0.100
[1588334676.537][SEVERE]: Timed out receiving message from renderer: 0.100
[1588334676.647][SEVERE]: Timed out receiving message from renderer: 0.100
[1588334676.755][SEVERE]: Timed out receiving message from renderer: 0.100
[1588334676.871][SEVERE]: Timed out receiving message from renderer: 0.100
[1588334676.983][SEVERE]: Timed out receiving message from renderer: 0.100
[1588334677.088][SEVERE]: Timed out receiving message from renderer: 0.100
[1588334677.197][SEVERE]: Timed out receiving message from renderer: 0.100
[1588334677.303][SEVERE]: Timed out receiving message from renderer: 0.100
[1588334677.407][SEVERE]: Timed out receiving message from renderer: 0.100
[1588334677.516][SEVERE]: Timed out receiving message from renderer: 0.100
[1588334677.620][SEVERE]: Timed out receiving message from renderer: 0.100
[1588334677.727][SEVERE]: Timed out receiving message from renderer: 0.100
[1588334677.835][SEVERE]: Timed out receiving message from renderer: 0.100
[1588334677.949][SEVERE]: Timed out receiving message from renderer: 0.100
[1588334678.059][SEVERE]: Timed out receiving message from renderer: 0.100
[1588334678.172][SEVERE]: Timed out receiving message from renderer: 0.100
[1588334678.276][SEVERE]: Timed out receiving message from renderer: 0.100
[1588334678.388][SEVERE]: Timed out receiving message from renderer: 0.100
[1588334678.492][SEVERE]: Timed out receiving message from renderer: 0.100
[1588334678.600][SEVERE]: Timed out receiving message from renderer: 0.100
[1588334678.704][SEVERE]: Timed out receiving message from renderer: 0.100
[1588334678.809][SEVERE]: Timed out receiving message from renderer: 0.100
[1588334678.913][SEVERE]: Timed out receiving message from renderer: 0.100
[1588334679.021][SEVERE]: Timed out receiving message from renderer: 0.100
[1588334679.129][SEVERE]: Timed out receiving message from renderer: 0.100
[1588334679.238][SEVERE]: Timed out receiving message from renderer: 0.100
[1588334679.345][SEVERE]: Timed out receiving message from renderer: 0.100
[1588334679.449][SEVERE]: Timed out receiving message from renderer: 0.100
[1588334679.557][SEVERE]: Timed out receiving message from renderer: 0.100
[1588334679.665][SEVERE]: Timed out receiving message from renderer: 0.100
[1588334679.794][SEVERE]: Timed out receiving message from renderer: 0.100
[1588334679.909][SEVERE]: Timed out receiving message from renderer: 0.100
[1588334680.014][SEVERE]: Timed out receiving message from renderer: 0.100
[1588334680.121][SEVERE]: Timed out receiving message from renderer: 0.100
[1588334680.225][SEVERE]: Timed out receiving message from renderer: 0.100
[1588334680.330][SEVERE]: Timed out receiving message from renderer: 0.100
[1588334680.439][SEVERE]: Timed out receiving message from renderer: 0.100
[1588334680.552][SEVERE]: Timed out receiving message from renderer: 0.100
[1588334680.659][SEVERE]: Timed out receiving message from renderer: 0.100
[1588334680.766][SEVERE]: Timed out receiving message from renderer: 0.100
[1588334680.901][SEVERE]: Timed out receiving message from renderer: 0.100
[1588334681.012][SEVERE]: Timed out receiving message from renderer: 0.100
[1588334681.116][SEVERE]: Timed out receiving message from renderer: 0.100
[1588334681.224][SEVERE]: Timed out receiving message from renderer: 0.100
[1588334681.328][SEVERE]: Timed out receiving message from renderer: 0.100
[1588334681.432][SEVERE]: Timed out receiving message from renderer: 0.100
[1588334681.536][SEVERE]: Timed out receiving message from renderer: 0.100
[1588334681.644][SEVERE]: Timed out receiving message from renderer: 0.100
[1588334681.749][SEVERE]: Timed out receiving message from renderer: 0.100
[1588334681.860][SEVERE]: Timed out receiving message from renderer: 0.100
[1588334681.965][SEVERE]: Timed out receiving message from renderer: 0.100
[1588334682.068][SEVERE]: Timed out receiving message from renderer: 0.100
[1588334682.176][SEVERE]: Timed out receiving message from renderer: 0.100
[1588334682.308][SEVERE]: Timed out receiving message from renderer: 0.100
[1588334682.412][SEVERE]: Timed out receiving message from renderer: 0.100
[1588334682.516][SEVERE]: Timed out receiving message from renderer: 0.100
[1588334682.621][SEVERE]: Timed out receiving message from renderer: 0.100
[1588334682.728][SEVERE]: Timed out receiving message from renderer: 0.100
[1588334682.836][SEVERE]: Timed out receiving message from renderer: 0.100
[1588334682.940][SEVERE]: Timed out receiving message from renderer: 0.100
[1588334683.054][SEVERE]: Timed out receiving message from renderer: 0.100
[1588334683.176][SEVERE]: Timed out receiving message from renderer: 0.100
[1588334683.279][SEVERE]: Timed out receiving message from renderer: 0.100
[1588334683.384][SEVERE]: Timed out receiving message from renderer: 0.100
[1588334683.488][SEVERE]: Timed out receiving message from renderer: 0.100
[1588334683.600][SEVERE]: Timed out receiving message from renderer: 0.100
[1588334683.765][SEVERE]: Timed out receiving message from renderer: 0.100
[1588334684.023][SEVERE]: Timed out receiving message from renderer: 0.100
[1588334684.165][SEVERE]: Timed out receiving message from renderer: 0.100
[1588334684.281][SEVERE]: Timed out receiving message from renderer: 0.100
[1588334684.438][SEVERE]: Timed out receiving message from renderer: 0.100
[1588334684.545][SEVERE]: Timed out receiving message from renderer: 0.100
[1588334684.649][SEVERE]: Timed out receiving message from renderer: 0.100
[1588334684.829][SEVERE]: Timed out receiving message from renderer: 0.100
[1588334684.933][SEVERE]: Timed out receiving message from renderer: 0.100
[1588334685.037][SEVERE]: Timed out receiving message from renderer: 0.100
[1588334685.145][SEVERE]: Timed out receiving message from renderer: 0.100
[1588334685.777][SEVERE]: Timed out receiving message from renderer: 0.100
[1588334685.886][SEVERE]: Timed out receiving message from renderer: 0.100
[1588334686.194][SEVERE]: Timed out receiving message from renderer: 0.100
[1588334686.302][SEVERE]: Timed out receiving message from renderer: 0.100
[1588334686.407][SEVERE]: Timed out receiving message from renderer: 0.100
[1588334686.514][SEVERE]: Timed out receiving message from renderer: 0.100
[1588334695.309][SEVERE]: Timed out receiving message from renderer: 0.100
[1588334696.056][SEVERE]: Timed out receiving message from renderer: 0.100
[1588334696.160][SEVERE]: Timed out receiving message from renderer: 0.100
[1588334696.264][SEVERE]: Timed out receiving message from renderer: 0.100
[1588334696.376][SEVERE]: Timed out receiving message from renderer: 0.100
[1588334696.480][SEVERE]: Timed out receiving message from renderer: 0.100
[1588334696.584][SEVERE]: Timed out receiving message from renderer: 0.100
[1588334696.689][SEVERE]: Timed out receiving message from renderer: 0.100
[1588334696.792][SEVERE]: Timed out receiving message from renderer: 0.100
[1588334696.896][SEVERE]: Timed out receiving message from renderer: 0.100
[1588334697.001][SEVERE]: Timed out receiving message from renderer: 0.100
[1588334697.112][SEVERE]: Timed out receiving message from renderer: 0.100
[1588334697.217][SEVERE]: Timed out receiving message from renderer: 0.100
[1588334697.328][SEVERE]: Timed out receiving message from renderer: 0.100
[1588334697.433][SEVERE]: Timed out receiving message from renderer: 0.100
[1588334697.537][SEVERE]: Timed out receiving message from renderer: 0.100
[1588334697.641][SEVERE]: Timed out receiving message from renderer: 0.100
[1588334697.749][SEVERE]: Timed out receiving message from renderer: 0.100
[1588334697.853][SEVERE]: Timed out receiving message from renderer: 0.100
[1588334697.958][SEVERE]: Timed out receiving message from renderer: 0.100
[1588334698.061][SEVERE]: Timed out receiving message from renderer: 0.100
[1588334698.165][SEVERE]: Timed out receiving message from renderer: 0.100
[1588334698.269][SEVERE]: Timed out receiving message from renderer: 0.100
[1588334698.378][SEVERE]: Timed out receiving message from renderer: 0.100
[1588334698.483][SEVERE]: Timed out receiving message from renderer: 0.100
[1588334698.594][SEVERE]: Timed out receiving message from renderer: 0.100
[1588334698.701][SEVERE]: Timed out receiving message from renderer: 0.100
[1588334698.805][SEVERE]: Timed out receiving message from renderer: 0.100
[1588334698.910][SEVERE]: Timed out receiving message from renderer: 0.100
[1588334699.013][SEVERE]: Timed out receiving message from renderer: 0.100
[1588334699.117][SEVERE]: Timed out receiving message from renderer: 0.100
[1588334699.270][SEVERE]: Timed out receiving message from renderer: 0.100
[1588334699.381][SEVERE]: Timed out receiving message from renderer: 0.100
[1588334699.486][SEVERE]: Timed out receiving message from renderer: 0.100
[1588334699.594][SEVERE]: Timed out receiving message from renderer: 0.100
[1588334699.771][SEVERE]: Timed out receiving message from renderer: 0.100
[1588334699.882][SEVERE]: Timed out receiving message from renderer: 0.100
[1588334699.986][SEVERE]: Timed out receiving message from renderer: 0.100
[1588334700.090][SEVERE]: Timed out receiving message from renderer: 0.100
[1588334700.198][SEVERE]: Timed out receiving message from renderer: 0.100
[1588334700.307][SEVERE]: Timed out receiving message from renderer: 0.100
[1588334736.468][SEVERE]: Timed out receiving message from renderer: 0.100
[1588334736.573][SEVERE]: Timed out receiving message from renderer: 0.100
[1588334736.680][SEVERE]: Timed out receiving message from renderer: 0.100
[1588334737.026][SEVERE]: Timed out receiving message from renderer: 0.100
[1588334737.131][SEVERE]: Timed out receiving message from renderer: 0.100
[1588334737.238][SEVERE]: Timed out receiving message from renderer: 0.100
[1588334737.343][SEVERE]: Timed out receiving message from renderer: 0.100
[1588334737.446][SEVERE]: Timed out receiving message from renderer: 0.100
[1588334737.550][SEVERE]: Timed out receiving message from renderer: 0.100
[1588334737.653][SEVERE]: Timed out receiving message from renderer: 0.100
[1588334737.852][SEVERE]: Timed out receiving message from renderer: 0.100
[1588334737.960][SEVERE]: Timed out receiving message from renderer: 0.100
[1588334738.064][SEVERE]: Timed out receiving message from renderer: 0.100
[1588334738.169][SEVERE]: Timed out receiving message from renderer: 0.100
[1588334738.274][SEVERE]: Timed out receiving message from renderer: 0.100
[1588334738.382][SEVERE]: Timed out receiving message from renderer: 0.100
[1588334738.486][SEVERE]: Timed out receiving message from renderer: 0.100
[1588334738.594][SEVERE]: Timed out receiving message from renderer: 0.100
[1588334738.702][SEVERE]: Timed out receiving message from renderer: 0.100
[1588334738.924][SEVERE]: Timed out receiving message from renderer: 0.100
[1588334739.032][SEVERE]: Timed out receiving message from renderer: 0.100
[1588334739.137][SEVERE]: Timed out receiving message from renderer: 0.100
[1588334739.265][SEVERE]: Timed out receiving message from renderer: 0.100
[1588334739.373][SEVERE]: Timed out receiving message from renderer: 0.100
[1588334739.480][SEVERE]: Timed out receiving message from renderer: 0.100
[1588334739.585][SEVERE]: Timed out receiving message from renderer: 0.100
[1588334739.688][SEVERE]: Timed out receiving message from renderer: 0.100
[1588334739.792][SEVERE]: Timed out receiving message from renderer: 0.100
[1588334739.961][SEVERE]: Timed out receiving message from renderer: 0.100
[1588334740.069][SEVERE]: Timed out receiving message from renderer: 0.100
[1588334740.177][SEVERE]: Timed out receiving message from renderer: 0.100
[1588334740.349][SEVERE]: Timed out receiving message from renderer: 0.100
[1588334740.457][SEVERE]: Timed out receiving message from renderer: 0.100
[1588334740.559][SEVERE]: Timed out receiving message from renderer: 0.100
[1588334740.667][SEVERE]: Timed out receiving message from renderer: 0.100
[1588334740.775][SEVERE]: Timed out receiving message from renderer: 0.100
[1588334740.883][SEVERE]: Timed out receiving message from renderer: 0.100
[1588334740.991][SEVERE]: Timed out receiving message from renderer: 0.100
[1588334741.097][SEVERE]: Timed out receiving message from renderer: 0.100
[1588334741.204][SEVERE]: Timed out receiving message from renderer: 0.100
[1588334741.312][SEVERE]: Timed out receiving message from renderer: 0.100
[1588334741.430][SEVERE]: Timed out receiving message from renderer: 0.100
[1588334741.536][SEVERE]: Timed out receiving message from renderer: 0.100
[1588334741.640][SEVERE]: Timed out receiving message from renderer: 0.100
[1588334741.744][SEVERE]: Timed out receiving message from renderer: 0.100
[1588334741.848][SEVERE]: Timed out receiving message from renderer: 0.100
[1588334741.956][SEVERE]: Timed out receiving message from renderer: 0.100
[1588334742.061][SEVERE]: Timed out receiving message from renderer: 0.100
[1588334742.168][SEVERE]: Timed out receiving message from renderer: 0.100
[1588334742.276][SEVERE]: Timed out receiving message from renderer: 0.100
[1588334742.412][SEVERE]: Timed out receiving message from renderer: 0.100
[1588334742.517][SEVERE]: Timed out receiving message from renderer: 0.100
[1588334742.624][SEVERE]: Timed out receiving message from renderer: 0.100
[1588334742.732][SEVERE]: Timed out receiving message from renderer: 0.100
[1588334742.836][SEVERE]: Timed out receiving message from renderer: 0.100
[1588334742.940][SEVERE]: Timed out receiving message from renderer: 0.100
[1588334743.044][SEVERE]: Timed out receiving message from renderer: 0.100
[1588334743.149][SEVERE]: Timed out receiving message from renderer: 0.100
[1588334743.257][SEVERE]: Timed out receiving message from renderer: 0.100
[1588334743.365][SEVERE]: Timed out receiving message from renderer: 0.100
[1588334743.469][SEVERE]: Timed out receiving message from renderer: 0.100
[1588334743.573][SEVERE]: Timed out receiving message from renderer: 0.100
[1588334743.681][SEVERE]: Timed out receiving message from renderer: 0.100
[1588334743.789][SEVERE]: Timed out receiving message from renderer: 0.100
[1588334743.892][SEVERE]: Timed out receiving message from renderer: 0.100
[1588334760.005][SEVERE]: Timed out receiving message from renderer: 0.100
[1588334760.109][SEVERE]: Timed out receiving message from renderer: 0.100
[1588334760.211][SEVERE]: Timed out receiving message from renderer: 0.100
[1588334760.347][SEVERE]: Timed out receiving message from renderer: 0.100
[1588334760.543][SEVERE]: Timed out receiving message from renderer: 0.100
[1588334760.760][SEVERE]: Timed out receiving message from renderer: 0.100
[1588334761.507][SEVERE]: Timed out receiving message from renderer: 0.100
[1588334765.176][SEVERE]: Timed out receiving message from renderer: 0.100
[1588334770.691][SEVERE]: Timed out receiving message from renderer: 0.100
[1588334770.802][SEVERE]: Timed out receiving message from renderer: 0.100
[1588334770.910][SEVERE]: Timed out receiving message from renderer: 0.100
[1588334771.015][SEVERE]: Timed out receiving message from renderer: 0.100
[1588334771.122][SEVERE]: Timed out receiving message from renderer: 0.100
[1588334771.282][SEVERE]: Timed out receiving message from renderer: 0.100
[1588334771.386][SEVERE]: Timed out receiving message from renderer: 0.100
[1588334771.490][SEVERE]: Timed out receiving message from renderer: 0.100
[1588334771.599][SEVERE]: Timed out receiving message from renderer: 0.100
[1588334771.715][SEVERE]: Timed out receiving message from renderer: 0.100
[1588334771.818][SEVERE]: Timed out receiving message from renderer: 0.100
[1588334771.923][SEVERE]: Timed out receiving message from renderer: 0.100
[1588334772.030][SEVERE]: Timed out receiving message from renderer: 0.100
[1588334772.138][SEVERE]: Timed out receiving message from renderer: 0.100
[1588334772.246][SEVERE]: Timed out receiving message from renderer: 0.100
[1588334772.350][SEVERE]: Timed out receiving message from renderer: 0.100
[1588334772.452][SEVERE]: Timed out receiving message from renderer: 0.100
[1588334772.680][SEVERE]: Timed out receiving message from renderer: 0.100
[1588334772.813][SEVERE]: Timed out receiving message from renderer: 0.100
[1588334772.998][SEVERE]: Timed out receiving message from renderer: 0.100
[1588334773.181][SEVERE]: Timed out receiving message from renderer: 0.100
[1588334773.302][SEVERE]: Timed out receiving message from renderer: 0.100
[1588334773.461][SEVERE]: Timed out receiving message from renderer: 0.100
[1588334773.997][SEVERE]: Timed out receiving message from renderer: 0.100
[1588334774.126][SEVERE]: Timed out receiving message from renderer: 0.100
[1588334774.230][SEVERE]: Timed out receiving message from renderer: 0.100
[1588334774.334][SEVERE]: Timed out receiving message from renderer: 0.100
[1588334774.438][SEVERE]: Timed out receiving message from renderer: 0.100
[1588334774.546][SEVERE]: Timed out receiving message from renderer: 0.100
[1588334774.742][SEVERE]: Timed out receiving message from renderer: 0.100
[1588334774.846][SEVERE]: Timed out receiving message from renderer: 0.100
[1588334774.950][SEVERE]: Timed out receiving message from renderer: 0.100
[1588334775.054][SEVERE]: Timed out receiving message from renderer: 0.100
[1588334775.158][SEVERE]: Timed out receiving message from renderer: 0.100
[1588334775.262][SEVERE]: Timed out receiving message from renderer: 0.100
[1588334775.370][SEVERE]: Timed out receiving message from renderer: 0.100
[1588334775.474][SEVERE]: Timed out receiving message from renderer: 0.100
[1588334775.578][SEVERE]: Timed out receiving message from renderer: 0.100
[1588334775.683][SEVERE]: Timed out receiving message from renderer: 0.100
[1588334775.791][SEVERE]: Timed out receiving message from renderer: 0.100
[1588334775.899][SEVERE]: Timed out receiving message from renderer: 0.100
[1588334776.003][SEVERE]: Timed out receiving message from renderer: 0.100
[1588334776.107][SEVERE]: Timed out receiving message from renderer: 0.100
[1588334776.215][SEVERE]: Timed out receiving message from renderer: 0.100
[1588334776.323][SEVERE]: Timed out receiving message from renderer: 0.100
[1588334776.427][SEVERE]: Timed out receiving message from renderer: 0.100
[1588334776.530][SEVERE]: Timed out receiving message from renderer: 0.100
[1588334776.637][SEVERE]: Timed out receiving message from renderer: 0.100
[1588334776.745][SEVERE]: Timed out receiving message from renderer: 0.100
[1588334776.853][SEVERE]: Timed out receiving message from renderer: 0.100
[1588334776.957][SEVERE]: Timed out receiving message from renderer: 0.100
[1588334777.064][SEVERE]: Timed out receiving message from renderer: 0.100
[1588334777.171][SEVERE]: Timed out receiving message from renderer: 0.100
[1588334777.278][SEVERE]: Timed out receiving message from renderer: 0.100
[1588334777.390][SEVERE]: Timed out receiving message from renderer: 0.100
[1588334777.494][SEVERE]: Timed out receiving message from renderer: 0.100
[1588334777.596][SEVERE]: Timed out receiving message from renderer: 0.100
[1588334777.699][SEVERE]: Timed out receiving message from renderer: 0.100
[1588334777.807][SEVERE]: Timed out receiving message from renderer: 0.100
[1588334777.915][SEVERE]: Timed out receiving message from renderer: 0.100
[1588334778.027][SEVERE]: Timed out receiving message from renderer: 0.100
[1588334778.131][SEVERE]: Timed out receiving message from renderer: 0.100
[1588334778.235][SEVERE]: Timed out receiving message from renderer: 0.100
[1588334778.343][SEVERE]: Timed out receiving message from renderer: 0.100
[1588334778.447][SEVERE]: Timed out receiving message from renderer: 0.100
]]></system-err>
</testsuite>
