<?xml version="1.0" encoding="UTF-8"?>
<testsuite name="com.qa.trello.tests.tests.BoardCreationTests" tests="1" skipped="0" failures="0" errors="0" timestamp="2020-05-09T19:46:31" hostname="dns" time="59.557">
  <properties/>
  <testcase name="testBoardCreation" classname="com.qa.trello.tests.tests.BoardCreationTests" time="59.557"/>
  <system-out><![CDATA[]]></system-out>
  <system-err><![CDATA[[1589053600.818][SEVERE]: Timed out receiving message from renderer: 0.100
[1589053600.922][SEVERE]: Timed out receiving message from renderer: 0.100
[1589053601.165][SEVERE]: Timed out receiving message from renderer: 0.100
[1589053601.268][SEVERE]: Timed out receiving message from renderer: 0.100
[1589053601.372][SEVERE]: Timed out receiving message from renderer: 0.100
[1589053601.480][SEVERE]: Timed out receiving message from renderer: 0.100
[1589053601.585][SEVERE]: Timed out receiving message from renderer: 0.100
[1589053601.696][SEVERE]: Timed out receiving message from renderer: 0.100
[1589053601.801][SEVERE]: Timed out receiving message from renderer: 0.100
[1589053601.906][SEVERE]: Timed out receiving message from renderer: 0.100
[1589053602.013][SEVERE]: Timed out receiving message from renderer: 0.100
[1589053602.118][SEVERE]: Timed out receiving message from renderer: 0.100
[1589053602.227][SEVERE]: Timed out receiving message from renderer: 0.100
[1589053602.337][SEVERE]: Timed out receiving message from renderer: 0.100
[1589053617.828][SEVERE]: Timed out receiving message from renderer: 0.100
[1589053617.936][SEVERE]: Timed out receiving message from renderer: 0.100
[1589053618.044][SEVERE]: Timed out receiving message from renderer: 0.100
[1589053618.152][SEVERE]: Timed out receiving message from renderer: 0.100
[1589053618.257][SEVERE]: Timed out receiving message from renderer: 0.100
[1589053618.360][SEVERE]: Timed out receiving message from renderer: 0.100
[1589053618.463][SEVERE]: Timed out receiving message from renderer: 0.100
[1589053618.569][SEVERE]: Timed out receiving message from renderer: 0.100
[1589053618.678][SEVERE]: Timed out receiving message from renderer: 0.100
[1589053618.781][SEVERE]: Timed out receiving message from renderer: 0.100
[1589053618.886][SEVERE]: Timed out receiving message from renderer: 0.100
[1589053618.994][SEVERE]: Timed out receiving message from renderer: 0.100
[1589053619.102][SEVERE]: Timed out receiving message from renderer: 0.100
[1589053619.207][SEVERE]: Timed out receiving message from renderer: 0.100
[1589053619.316][SEVERE]: Timed out receiving message from renderer: 0.100
[1589053619.421][SEVERE]: Timed out receiving message from renderer: 0.100
[1589053619.528][SEVERE]: Timed out receiving message from renderer: 0.100
[1589053619.633][SEVERE]: Timed out receiving message from renderer: 0.100
[1589053619.737][SEVERE]: Timed out receiving message from renderer: 0.100
[1589053619.845][SEVERE]: Timed out receiving message from renderer: 0.100
[1589053619.953][SEVERE]: Timed out receiving message from renderer: 0.100
[1589053620.061][SEVERE]: Timed out receiving message from renderer: 0.100
[1589053620.167][SEVERE]: Timed out receiving message from renderer: 0.100
[1589053620.273][SEVERE]: Timed out receiving message from renderer: 0.100
[1589053620.379][SEVERE]: Timed out receiving message from renderer: 0.100
[1589053620.524][SEVERE]: Timed out receiving message from renderer: 0.100
[1589053620.632][SEVERE]: Timed out receiving message from renderer: 0.100
[1589053620.736][SEVERE]: Timed out receiving message from renderer: 0.100
[1589053620.840][SEVERE]: Timed out receiving message from renderer: 0.100
[1589053620.945][SEVERE]: Timed out receiving message from renderer: 0.100
[1589053621.048][SEVERE]: Timed out receiving message from renderer: 0.100
[1589053621.154][SEVERE]: Timed out receiving message from renderer: 0.100
[1589053621.259][SEVERE]: Timed out receiving message from renderer: 0.100
[1589053621.364][SEVERE]: Timed out receiving message from renderer: 0.100
[1589053621.472][SEVERE]: Timed out receiving message from renderer: 0.100
[1589053621.576][SEVERE]: Timed out receiving message from renderer: 0.100
[1589053621.684][SEVERE]: Timed out receiving message from renderer: 0.100
[1589053621.792][SEVERE]: Timed out receiving message from renderer: 0.100
[1589053621.899][SEVERE]: Timed out receiving message from renderer: 0.100
[1589053622.007][SEVERE]: Timed out receiving message from renderer: 0.100
[1589053622.111][SEVERE]: Timed out receiving message from renderer: 0.100
[1589053622.216][SEVERE]: Timed out receiving message from renderer: 0.100
[1589053622.319][SEVERE]: Timed out receiving message from renderer: 0.100
[1589053622.426][SEVERE]: Timed out receiving message from renderer: 0.100
[1589053622.530][SEVERE]: Timed out receiving message from renderer: 0.100
[1589053622.637][SEVERE]: Timed out receiving message from renderer: 0.100
[1589053622.743][SEVERE]: Timed out receiving message from renderer: 0.100
[1589053622.849][SEVERE]: Timed out receiving message from renderer: 0.100
[1589053622.957][SEVERE]: Timed out receiving message from renderer: 0.100
[1589053623.065][SEVERE]: Timed out receiving message from renderer: 0.100
[1589053623.173][SEVERE]: Timed out receiving message from renderer: 0.100
[1589053623.277][SEVERE]: Timed out receiving message from renderer: 0.100
[1589053623.385][SEVERE]: Timed out receiving message from renderer: 0.100
[1589053623.489][SEVERE]: Timed out receiving message from renderer: 0.100
[1589053623.593][SEVERE]: Timed out receiving message from renderer: 0.100
[1589053623.698][SEVERE]: Timed out receiving message from renderer: 0.100
[1589053623.805][SEVERE]: Timed out receiving message from renderer: 0.100
[1589053623.913][SEVERE]: Timed out receiving message from renderer: 0.100
[1589053624.021][SEVERE]: Timed out receiving message from renderer: 0.100
[1589053624.129][SEVERE]: Timed out receiving message from renderer: 0.100
[1589053624.235][SEVERE]: Timed out receiving message from renderer: 0.100
[1589053624.342][SEVERE]: Timed out receiving message from renderer: 0.100
[1589053624.450][SEVERE]: Timed out receiving message from renderer: 0.100
[1589053624.575][SEVERE]: Timed out receiving message from renderer: 0.100
[1589053624.851][SEVERE]: Timed out receiving message from renderer: 0.100
[1589053624.955][SEVERE]: Timed out receiving message from renderer: 0.100
[1589053625.063][SEVERE]: Timed out receiving message from renderer: 0.100
[1589053625.168][SEVERE]: Timed out receiving message from renderer: 0.100
[1589053625.277][SEVERE]: Timed out receiving message from renderer: 0.100
[1589053625.389][SEVERE]: Timed out receiving message from renderer: 0.100
[1589053625.499][SEVERE]: Timed out receiving message from renderer: 0.100
[1589053625.603][SEVERE]: Timed out receiving message from renderer: 0.100
[1589053625.707][SEVERE]: Timed out receiving message from renderer: 0.100
[1589053625.815][SEVERE]: Timed out receiving message from renderer: 0.100
[1589053625.922][SEVERE]: Timed out receiving message from renderer: 0.100
[1589053626.027][SEVERE]: Timed out receiving message from renderer: 0.100
[1589053626.131][SEVERE]: Timed out receiving message from renderer: 0.100
[1589053626.259][SEVERE]: Timed out receiving message from renderer: 0.100
[1589053626.363][SEVERE]: Timed out receiving message from renderer: 0.100
[1589053626.467][SEVERE]: Timed out receiving message from renderer: 0.100
[1589053630.856][SEVERE]: Timed out receiving message from renderer: 0.100
[1589053631.929][SEVERE]: Timed out receiving message from renderer: 0.100
[1589053633.541][SEVERE]: Timed out receiving message from renderer: 0.100
[1589053640.889][SEVERE]: Timed out receiving message from renderer: 0.100
[1589053641.248][SEVERE]: Timed out receiving message from renderer: 0.100
[1589053641.584][SEVERE]: Timed out receiving message from renderer: 0.100
[1589053641.689][SEVERE]: Timed out receiving message from renderer: 0.100
[1589053641.799][SEVERE]: Timed out receiving message from renderer: 0.100
]]></system-err>
</testsuite>
