<?xml version="1.0" encoding="UTF-8"?>
<testsuite name="com.qa.trello.tests.TeamDeletionTests" tests="1" skipped="0" failures="0" errors="0" timestamp="2020-05-01T11:56:44" hostname="dns" time="26.036">
  <properties/>
  <testcase name="TeamDeletionTests" classname="com.qa.trello.tests.TeamDeletionTests" time="26.036"/>
  <system-out><![CDATA[was:  28now:  27
]]></system-out>
  <system-err><![CDATA[Starting ChromeDriver 80.0.3987.106 (f68069574609230cf9b635cd784cfb1bf81bb53a-refs/branch-heads/3987@{#882}) on port 14768
Only local connections are allowed.
Please protect ports used by ChromeDriver and related test frameworks to prevent access by malicious code.
[1588334047.037][WARNING]: This version of ChromeDriver has not been tested with Chrome version 81.
[1588334050.037][WARNING]: Timed out connecting to Chrome, retrying...
мая 01, 2020 2:54:15 PM org.openqa.selenium.remote.ProtocolHandshake createSession
INFO: Detected dialect: W3C
[1588334064.293][SEVERE]: Timed out receiving message from renderer: 0.100
[1588334064.398][SEVERE]: Timed out receiving message from renderer: 0.100
[1588334064.502][SEVERE]: Timed out receiving message from renderer: 0.100
[1588334064.609][SEVERE]: Timed out receiving message from renderer: 0.100
[1588334064.713][SEVERE]: Timed out receiving message from renderer: 0.100
[1588334064.817][SEVERE]: Timed out receiving message from renderer: 0.100
[1588334064.921][SEVERE]: Timed out receiving message from renderer: 0.100
[1588334065.025][SEVERE]: Timed out receiving message from renderer: 0.100
[1588334065.128][SEVERE]: Timed out receiving message from renderer: 0.100
[1588334065.235][SEVERE]: Timed out receiving message from renderer: 0.100
[1588334096.279][SEVERE]: Timed out receiving message from renderer: 0.100
[1588334096.812][SEVERE]: Timed out receiving message from renderer: 0.100
[1588334096.915][SEVERE]: Timed out receiving message from renderer: 0.100
[1588334097.020][SEVERE]: Timed out receiving message from renderer: 0.100
[1588334097.123][SEVERE]: Timed out receiving message from renderer: 0.100
[1588334097.227][SEVERE]: Timed out receiving message from renderer: 0.100
[1588334097.332][SEVERE]: Timed out receiving message from renderer: 0.100
[1588334097.440][SEVERE]: Timed out receiving message from renderer: 0.100
[1588334097.546][SEVERE]: Timed out receiving message from renderer: 0.100
[1588334097.655][SEVERE]: Timed out receiving message from renderer: 0.100
[1588334097.762][SEVERE]: Timed out receiving message from renderer: 0.100
[1588334097.870][SEVERE]: Timed out receiving message from renderer: 0.100
[1588334097.973][SEVERE]: Timed out receiving message from renderer: 0.100
[1588334098.079][SEVERE]: Timed out receiving message from renderer: 0.100
[1588334098.183][SEVERE]: Timed out receiving message from renderer: 0.100
[1588334098.287][SEVERE]: Timed out receiving message from renderer: 0.100
[1588334098.391][SEVERE]: Timed out receiving message from renderer: 0.100
[1588334098.499][SEVERE]: Timed out receiving message from renderer: 0.100
[1588334098.608][SEVERE]: Timed out receiving message from renderer: 0.100
[1588334098.717][SEVERE]: Timed out receiving message from renderer: 0.100
[1588334098.825][SEVERE]: Timed out receiving message from renderer: 0.100
[1588334098.933][SEVERE]: Timed out receiving message from renderer: 0.100
[1588334099.065][SEVERE]: Timed out receiving message from renderer: 0.100
[1588334099.169][SEVERE]: Timed out receiving message from renderer: 0.100
[1588334099.273][SEVERE]: Timed out receiving message from renderer: 0.100
[1588334099.377][SEVERE]: Timed out receiving message from renderer: 0.100
[1588334099.481][SEVERE]: Timed out receiving message from renderer: 0.100
[1588334099.593][SEVERE]: Timed out receiving message from renderer: 0.100
[1588334099.697][SEVERE]: Timed out receiving message from renderer: 0.100
[1588334099.802][SEVERE]: Timed out receiving message from renderer: 0.100
[1588334099.905][SEVERE]: Timed out receiving message from renderer: 0.100
[1588334100.013][SEVERE]: Timed out receiving message from renderer: 0.100
[1588334100.119][SEVERE]: Timed out receiving message from renderer: 0.100
[1588334100.261][SEVERE]: Timed out receiving message from renderer: 0.100
[1588334100.366][SEVERE]: Timed out receiving message from renderer: 0.100
[1588334100.473][SEVERE]: Timed out receiving message from renderer: 0.100
[1588334100.581][SEVERE]: Timed out receiving message from renderer: 0.100
[1588334100.685][SEVERE]: Timed out receiving message from renderer: 0.100
[1588334100.789][SEVERE]: Timed out receiving message from renderer: 0.100
[1588334100.898][SEVERE]: Timed out receiving message from renderer: 0.100
[1588334101.001][SEVERE]: Timed out receiving message from renderer: 0.100
[1588334101.110][SEVERE]: Timed out receiving message from renderer: 0.100
[1588334101.217][SEVERE]: Timed out receiving message from renderer: 0.100
[1588334101.329][SEVERE]: Timed out receiving message from renderer: 0.100
[1588334101.437][SEVERE]: Timed out receiving message from renderer: 0.100
[1588334101.549][SEVERE]: Timed out receiving message from renderer: 0.100
[1588334101.653][SEVERE]: Timed out receiving message from renderer: 0.100
[1588334101.772][SEVERE]: Timed out receiving message from renderer: 0.100
[1588334101.885][SEVERE]: Timed out receiving message from renderer: 0.100
[1588334101.990][SEVERE]: Timed out receiving message from renderer: 0.100
[1588334102.098][SEVERE]: Timed out receiving message from renderer: 0.100
[1588334102.202][SEVERE]: Timed out receiving message from renderer: 0.100
[1588334102.306][SEVERE]: Timed out receiving message from renderer: 0.100
[1588334102.419][SEVERE]: Timed out receiving message from renderer: 0.100
[1588334102.528][SEVERE]: Timed out receiving message from renderer: 0.100
[1588334102.632][SEVERE]: Timed out receiving message from renderer: 0.100
[1588334102.771][SEVERE]: Timed out receiving message from renderer: 0.100
[1588334102.875][SEVERE]: Timed out receiving message from renderer: 0.100
[1588334102.987][SEVERE]: Timed out receiving message from renderer: 0.100
[1588334103.092][SEVERE]: Timed out receiving message from renderer: 0.100
[1588334103.200][SEVERE]: Timed out receiving message from renderer: 0.100
[1588334103.304][SEVERE]: Timed out receiving message from renderer: 0.100
[1588334103.407][SEVERE]: Timed out receiving message from renderer: 0.100
[1588334103.514][SEVERE]: Timed out receiving message from renderer: 0.100
[1588334103.630][SEVERE]: Timed out receiving message from renderer: 0.100
[1588334103.742][SEVERE]: Timed out receiving message from renderer: 0.100
[1588334103.847][SEVERE]: Timed out receiving message from renderer: 0.100
[1588334103.954][SEVERE]: Timed out receiving message from renderer: 0.100
[1588334104.058][SEVERE]: Timed out receiving message from renderer: 0.100
[1588334104.162][SEVERE]: Timed out receiving message from renderer: 0.100
[1588334104.270][SEVERE]: Timed out receiving message from renderer: 0.100
[1588334104.378][SEVERE]: Timed out receiving message from renderer: 0.100
[1588334104.482][SEVERE]: Timed out receiving message from renderer: 0.100
[1588334104.587][SEVERE]: Timed out receiving message from renderer: 0.100
[1588334104.691][SEVERE]: Timed out receiving message from renderer: 0.100
[1588334104.795][SEVERE]: Timed out receiving message from renderer: 0.100
[1588334104.899][SEVERE]: Timed out receiving message from renderer: 0.100
[1588334105.011][SEVERE]: Timed out receiving message from renderer: 0.100
[1588334105.115][SEVERE]: Timed out receiving message from renderer: 0.100
[1588334105.219][SEVERE]: Timed out receiving message from renderer: 0.100
[1588334105.323][SEVERE]: Timed out receiving message from renderer: 0.100
[1588334105.431][SEVERE]: Timed out receiving message from renderer: 0.100
[1588334105.539][SEVERE]: Timed out receiving message from renderer: 0.100
[1588334105.643][SEVERE]: Timed out receiving message from renderer: 0.100
[1588334105.747][SEVERE]: Timed out receiving message from renderer: 0.100
[1588334105.851][SEVERE]: Timed out receiving message from renderer: 0.100
[1588334105.955][SEVERE]: Timed out receiving message from renderer: 0.100
[1588334106.060][SEVERE]: Timed out receiving message from renderer: 0.100
[1588334106.163][SEVERE]: Timed out receiving message from renderer: 0.100
[1588334106.344][SEVERE]: Timed out receiving message from renderer: 0.100
[1588334106.520][SEVERE]: Timed out receiving message from renderer: 0.100
[1588334106.624][SEVERE]: Timed out receiving message from renderer: 0.100
[1588334106.863][SEVERE]: Timed out receiving message from renderer: 0.100
[1588334107.031][SEVERE]: Timed out receiving message from renderer: 0.100
[1588334107.140][SEVERE]: Timed out receiving message from renderer: 0.100
[1588334107.243][SEVERE]: Timed out receiving message from renderer: 0.100
[1588334107.351][SEVERE]: Timed out receiving message from renderer: 0.100
[1588334107.455][SEVERE]: Timed out receiving message from renderer: 0.100
[1588334107.559][SEVERE]: Timed out receiving message from renderer: 0.100
[1588334107.665][SEVERE]: Timed out receiving message from renderer: 0.100
[1588334107.772][SEVERE]: Timed out receiving message from renderer: 0.100
[1588334109.214][SEVERE]: Timed out receiving message from renderer: 0.100
[1588334109.756][SEVERE]: Timed out receiving message from renderer: 0.100
[1588334109.863][SEVERE]: Timed out receiving message from renderer: 0.100
[1588334109.967][SEVERE]: Timed out receiving message from renderer: 0.100
[1588334110.071][SEVERE]: Timed out receiving message from renderer: 0.100
[1588334110.191][SEVERE]: Timed out receiving message from renderer: 0.100
[1588334110.295][SEVERE]: Timed out receiving message from renderer: 0.100
[1588334110.447][SEVERE]: Timed out receiving message from renderer: 0.100
[1588334110.549][SEVERE]: Timed out receiving message from renderer: 0.100
[1588334110.665][SEVERE]: Timed out receiving message from renderer: 0.100
[1588334110.837][SEVERE]: Timed out receiving message from renderer: 0.100
[1588334110.946][SEVERE]: Timed out receiving message from renderer: 0.100
[1588334111.051][SEVERE]: Timed out receiving message from renderer: 0.100
[1588334112.209][SEVERE]: Timed out receiving message from renderer: 0.100
[1588334112.313][SEVERE]: Timed out receiving message from renderer: 0.100
[1588334112.489][SEVERE]: Timed out receiving message from renderer: 0.100
[1588334113.279][SEVERE]: Timed out receiving message from renderer: 0.100
[1588334113.385][SEVERE]: Timed out receiving message from renderer: 0.100
[1588334113.563][SEVERE]: Timed out receiving message from renderer: 0.100
[1588334113.696][SEVERE]: Timed out receiving message from renderer: 0.100
[1588334113.804][SEVERE]: Timed out receiving message from renderer: 0.100
[1588334113.911][SEVERE]: Timed out receiving message from renderer: 0.100
[1588334114.016][SEVERE]: Timed out receiving message from renderer: 0.100
[1588334114.152][SEVERE]: Timed out receiving message from renderer: 0.100
[1588334124.590][SEVERE]: Timed out receiving message from renderer: 0.100
[1588334124.706][SEVERE]: Timed out receiving message from renderer: 0.100
[1588334124.811][SEVERE]: Timed out receiving message from renderer: 0.100
[1588334124.915][SEVERE]: Timed out receiving message from renderer: 0.100
[1588334125.026][SEVERE]: Timed out receiving message from renderer: 0.100
[1588334125.130][SEVERE]: Timed out receiving message from renderer: 0.100
[1588334125.235][SEVERE]: Timed out receiving message from renderer: 0.100
[1588334125.338][SEVERE]: Timed out receiving message from renderer: 0.100
[1588334125.443][SEVERE]: Timed out receiving message from renderer: 0.100
[1588334125.559][SEVERE]: Timed out receiving message from renderer: 0.100
[1588334125.662][SEVERE]: Timed out receiving message from renderer: 0.100
[1588334125.875][SEVERE]: Timed out receiving message from renderer: 0.100
[1588334125.979][SEVERE]: Timed out receiving message from renderer: 0.100
[1588334126.083][SEVERE]: Timed out receiving message from renderer: 0.100
[1588334126.188][SEVERE]: Timed out receiving message from renderer: 0.100
[1588334126.296][SEVERE]: Timed out receiving message from renderer: 0.100
[1588334126.400][SEVERE]: Timed out receiving message from renderer: 0.100
[1588334126.504][SEVERE]: Timed out receiving message from renderer: 0.100
[1588334126.608][SEVERE]: Timed out receiving message from renderer: 0.100
[1588334126.710][SEVERE]: Timed out receiving message from renderer: 0.100
[1588334126.818][SEVERE]: Timed out receiving message from renderer: 0.100
[1588334126.934][SEVERE]: Timed out receiving message from renderer: 0.100
[1588334128.298][SEVERE]: Timed out receiving message from renderer: 0.100
[1588334128.406][SEVERE]: Timed out receiving message from renderer: 0.100
[1588334128.511][SEVERE]: Timed out receiving message from renderer: 0.100
[1588334128.618][SEVERE]: Timed out receiving message from renderer: 0.100
[1588334128.726][SEVERE]: Timed out receiving message from renderer: 0.100
[1588334128.830][SEVERE]: Timed out receiving message from renderer: 0.100
[1588334128.938][SEVERE]: Timed out receiving message from renderer: 0.100
[1588334129.042][SEVERE]: Timed out receiving message from renderer: 0.100
[1588334129.150][SEVERE]: Timed out receiving message from renderer: 0.100
[1588334129.270][SEVERE]: Timed out receiving message from renderer: 0.100
[1588334129.998][SEVERE]: Timed out receiving message from renderer: 0.100
[1588334130.378][SEVERE]: Timed out receiving message from renderer: 0.100
[1588334131.070][SEVERE]: Timed out receiving message from renderer: 0.100
[1588334131.299][SEVERE]: Timed out receiving message from renderer: 0.100
[1588334131.404][SEVERE]: Timed out receiving message from renderer: 0.100
[1588334131.659][SEVERE]: Timed out receiving message from renderer: 0.100
[1588334131.795][SEVERE]: Timed out receiving message from renderer: 0.100
[1588334131.928][SEVERE]: Timed out receiving message from renderer: 0.100
[1588334132.031][SEVERE]: Timed out receiving message from renderer: 0.100
[1588334132.135][SEVERE]: Timed out receiving message from renderer: 0.100
[1588334132.247][SEVERE]: Timed out receiving message from renderer: 0.100
[1588334132.387][SEVERE]: Timed out receiving message from renderer: 0.100
[1588334132.491][SEVERE]: Timed out receiving message from renderer: 0.100
[1588334132.595][SEVERE]: Timed out receiving message from renderer: 0.100
[1588334159.754][SEVERE]: Timed out receiving message from renderer: 0.100
[1588334160.487][SEVERE]: Timed out receiving message from renderer: 0.100
]]></system-err>
</testsuite>
