<?xml version="1.0" encoding="UTF-8"?>
<testsuite name="com.qa.trello.tests.tests.BoardNameChangeTest" tests="1" skipped="0" failures="0" errors="0" timestamp="2020-05-09T19:48:46" hostname="dns" time="13.857">
  <properties/>
  <testcase name="changeBoardName" classname="com.qa.trello.tests.tests.BoardNameChangeTest" time="13.857"/>
  <system-out><![CDATA[]]></system-out>
  <system-err><![CDATA[[1589053703.660][SEVERE]: Timed out receiving message from renderer: 0.100
[1589053703.864][SEVERE]: Timed out receiving message from renderer: 0.100
[1589053704.108][SEVERE]: Timed out receiving message from renderer: 0.100
[1589053704.215][SEVERE]: Timed out receiving message from renderer: 0.100
[1589053704.323][SEVERE]: Timed out receiving message from renderer: 0.100
[1589053704.431][SEVERE]: Timed out receiving message from renderer: 0.100
[1589053704.536][SEVERE]: Timed out receiving message from renderer: 0.100
[1589053704.643][SEVERE]: Timed out receiving message from renderer: 0.100
[1589053705.272][SEVERE]: Timed out receiving message from renderer: 0.100
[1589053705.382][SEVERE]: Timed out receiving message from renderer: 0.100
[1589053705.491][SEVERE]: Timed out receiving message from renderer: 0.100
[1589053705.598][SEVERE]: Timed out receiving message from renderer: 0.100
[1589053705.707][SEVERE]: Timed out receiving message from renderer: 0.100
[1589053705.813][SEVERE]: Timed out receiving message from renderer: 0.100
[1589053705.920][SEVERE]: Timed out receiving message from renderer: 0.100
[1589053706.028][SEVERE]: Timed out receiving message from renderer: 0.100
[1589053706.136][SEVERE]: Timed out receiving message from renderer: 0.100
[1589053706.242][SEVERE]: Timed out receiving message from renderer: 0.100
[1589053706.349][SEVERE]: Timed out receiving message from renderer: 0.100
[1589053706.453][SEVERE]: Timed out receiving message from renderer: 0.100
[1589053706.557][SEVERE]: Timed out receiving message from renderer: 0.100
[1589053706.662][SEVERE]: Timed out receiving message from renderer: 0.100
[1589053706.769][SEVERE]: Timed out receiving message from renderer: 0.100
[1589053706.874][SEVERE]: Timed out receiving message from renderer: 0.100
[1589053707.066][SEVERE]: Timed out receiving message from renderer: 0.100
[1589053707.170][SEVERE]: Timed out receiving message from renderer: 0.100
[1589053707.274][SEVERE]: Timed out receiving message from renderer: 0.100
[1589053707.378][SEVERE]: Timed out receiving message from renderer: 0.100
[1589053707.486][SEVERE]: Timed out receiving message from renderer: 0.100
[1589053707.783][SEVERE]: Timed out receiving message from renderer: 0.100
[1589053707.886][SEVERE]: Timed out receiving message from renderer: 0.100
[1589053707.988][SEVERE]: Timed out receiving message from renderer: 0.100
[1589053708.090][SEVERE]: Timed out receiving message from renderer: 0.100
[1589053708.191][SEVERE]: Timed out receiving message from renderer: 0.100
[1589053708.293][SEVERE]: Timed out receiving message from renderer: 0.100
[1589053708.417][SEVERE]: Timed out receiving message from renderer: 0.100
[1589053708.518][SEVERE]: Timed out receiving message from renderer: 0.100
[1589053708.622][SEVERE]: Timed out receiving message from renderer: 0.100
[1589053708.731][SEVERE]: Timed out receiving message from renderer: 0.100
[1589053708.836][SEVERE]: Timed out receiving message from renderer: 0.100
[1589053708.943][SEVERE]: Timed out receiving message from renderer: 0.100
[1589053709.046][SEVERE]: Timed out receiving message from renderer: 0.100
[1589053709.234][SEVERE]: Timed out receiving message from renderer: 0.100
[1589053709.339][SEVERE]: Timed out receiving message from renderer: 0.100
[1589053709.446][SEVERE]: Timed out receiving message from renderer: 0.100
[1589053709.550][SEVERE]: Timed out receiving message from renderer: 0.100
[1589053709.655][SEVERE]: Timed out receiving message from renderer: 0.100
[1589053709.763][SEVERE]: Timed out receiving message from renderer: 0.100
[1589053709.871][SEVERE]: Timed out receiving message from renderer: 0.100
[1589053709.979][SEVERE]: Timed out receiving message from renderer: 0.100
[1589053710.084][SEVERE]: Timed out receiving message from renderer: 0.100
[1589053710.193][SEVERE]: Timed out receiving message from renderer: 0.100
[1589053710.301][SEVERE]: Timed out receiving message from renderer: 0.100
[1589053710.409][SEVERE]: Timed out receiving message from renderer: 0.100
[1589053710.545][SEVERE]: Timed out receiving message from renderer: 0.100
[1589053710.649][SEVERE]: Timed out receiving message from renderer: 0.100
[1589053710.757][SEVERE]: Timed out receiving message from renderer: 0.100
[1589053710.865][SEVERE]: Timed out receiving message from renderer: 0.100
[1589053710.971][SEVERE]: Timed out receiving message from renderer: 0.100
[1589053711.078][SEVERE]: Timed out receiving message from renderer: 0.100
[1589053711.186][SEVERE]: Timed out receiving message from renderer: 0.100
[1589053711.294][SEVERE]: Timed out receiving message from renderer: 0.100
[1589053711.398][SEVERE]: Timed out receiving message from renderer: 0.100
[1589053711.503][SEVERE]: Timed out receiving message from renderer: 0.100
[1589053711.610][SEVERE]: Timed out receiving message from renderer: 0.100
[1589053711.714][SEVERE]: Timed out receiving message from renderer: 0.100
[1589053711.818][SEVERE]: Timed out receiving message from renderer: 0.100
[1589053711.922][SEVERE]: Timed out receiving message from renderer: 0.100
[1589053712.027][SEVERE]: Timed out receiving message from renderer: 0.100
[1589053714.739][SEVERE]: Timed out receiving message from renderer: 0.100
[1589053715.291][SEVERE]: Timed out receiving message from renderer: 0.100
[1589053715.396][SEVERE]: Timed out receiving message from renderer: 0.100
[1589053715.583][SEVERE]: Timed out receiving message from renderer: 0.100
[1589053715.687][SEVERE]: Timed out receiving message from renderer: 0.100
]]></system-err>
</testsuite>
