<?xml version="1.0" encoding="UTF-8"?>
<testsuite name="com.qa.trello.tests.TeamBoardCreation" tests="1" skipped="0" failures="0" errors="0" timestamp="2020-04-19T20:19:17" hostname="dns" time="123.704">
  <properties/>
  <testcase name="TeamBoardCreation" classname="com.qa.trello.tests.TeamBoardCreation" time="123.704"/>
  <system-out><![CDATA[]]></system-out>
  <system-err><![CDATA[Starting ChromeDriver 80.0.3987.106 (f68069574609230cf9b635cd784cfb1bf81bb53a-refs/branch-heads/3987@{#882}) on port 15481
Only local connections are allowed.
Please protect ports used by ChromeDriver and related test frameworks to prevent access by malicious code.
[1587327452.999][WARNING]: Timed out connecting to Chrome, retrying...
апр 19, 2020 11:17:38 PM org.openqa.selenium.remote.ProtocolHandshake createSession
INFO: Detected dialect: W3C
[1587327469.429][SEVERE]: Timed out receiving message from renderer: 0.100
[1587327469.544][SEVERE]: Timed out receiving message from renderer: 0.100
[1587327469.646][SEVERE]: Timed out receiving message from renderer: 0.100
[1587327469.750][SEVERE]: Timed out receiving message from renderer: 0.100
[1587327469.852][SEVERE]: Timed out receiving message from renderer: 0.100
[1587327469.956][SEVERE]: Timed out receiving message from renderer: 0.100
[1587327470.617][SEVERE]: Timed out receiving message from renderer: 0.100
[1587327470.725][SEVERE]: Timed out receiving message from renderer: 0.100
[1587327470.830][SEVERE]: Timed out receiving message from renderer: 0.100
[1587327470.939][SEVERE]: Timed out receiving message from renderer: 0.100
[1587327471.041][SEVERE]: Timed out receiving message from renderer: 0.100
[1587327471.144][SEVERE]: Timed out receiving message from renderer: 0.100
[1587327471.247][SEVERE]: Timed out receiving message from renderer: 0.100
[1587327471.353][SEVERE]: Timed out receiving message from renderer: 0.100
[1587327471.456][SEVERE]: Timed out receiving message from renderer: 0.100
[1587327471.562][SEVERE]: Timed out receiving message from renderer: 0.100
[1587327471.668][SEVERE]: Timed out receiving message from renderer: 0.100
[1587327471.771][SEVERE]: Timed out receiving message from renderer: 0.100
[1587327471.876][SEVERE]: Timed out receiving message from renderer: 0.100
[1587327471.981][SEVERE]: Timed out receiving message from renderer: 0.100
[1587327472.086][SEVERE]: Timed out receiving message from renderer: 0.100
[1587327472.192][SEVERE]: Timed out receiving message from renderer: 0.100
[1587327472.294][SEVERE]: Timed out receiving message from renderer: 0.100
[1587327472.396][SEVERE]: Timed out receiving message from renderer: 0.100
[1587327472.500][SEVERE]: Timed out receiving message from renderer: 0.100
[1587327472.605][SEVERE]: Timed out receiving message from renderer: 0.100
[1587327472.710][SEVERE]: Timed out receiving message from renderer: 0.100
[1587327472.816][SEVERE]: Timed out receiving message from renderer: 0.100
[1587327472.918][SEVERE]: Timed out receiving message from renderer: 0.100
[1587327473.022][SEVERE]: Timed out receiving message from renderer: 0.100
[1587327473.127][SEVERE]: Timed out receiving message from renderer: 0.100
[1587327473.238][SEVERE]: Timed out receiving message from renderer: 0.100
[1587327473.341][SEVERE]: Timed out receiving message from renderer: 0.100
[1587327473.446][SEVERE]: Timed out receiving message from renderer: 0.100
[1587327473.561][SEVERE]: Timed out receiving message from renderer: 0.100
[1587327473.664][SEVERE]: Timed out receiving message from renderer: 0.100
[1587327473.770][SEVERE]: Timed out receiving message from renderer: 0.100
[1587327473.871][SEVERE]: Timed out receiving message from renderer: 0.100
[1587327473.978][SEVERE]: Timed out receiving message from renderer: 0.100
[1587327474.084][SEVERE]: Timed out receiving message from renderer: 0.100
[1587327474.199][SEVERE]: Timed out receiving message from renderer: 0.100
[1587327474.301][SEVERE]: Timed out receiving message from renderer: 0.100
[1587327474.408][SEVERE]: Timed out receiving message from renderer: 0.100
[1587327487.573][SEVERE]: Timed out receiving message from renderer: 0.100
[1587327496.007][SEVERE]: Timed out receiving message from renderer: 0.100
[1587327498.172][SEVERE]: Timed out receiving message from renderer: 0.100
[1587327533.725][SEVERE]: Timed out receiving message from renderer: 0.100
[1587327539.180][SEVERE]: Timed out receiving message from renderer: 0.100
[1587327554.516][SEVERE]: Timed out receiving message from renderer: 0.100
[1587327554.618][SEVERE]: Timed out receiving message from renderer: 0.100
[1587327554.721][SEVERE]: Timed out receiving message from renderer: 0.100
[1587327554.823][SEVERE]: Timed out receiving message from renderer: 0.100
[1587327554.931][SEVERE]: Timed out receiving message from renderer: 0.100
[1587327555.035][SEVERE]: Timed out receiving message from renderer: 0.100
[1587327555.138][SEVERE]: Timed out receiving message from renderer: 0.100
[1587327555.240][SEVERE]: Timed out receiving message from renderer: 0.100
[1587327555.342][SEVERE]: Timed out receiving message from renderer: 0.100
[1587327555.447][SEVERE]: Timed out receiving message from renderer: 0.100
[1587327555.553][SEVERE]: Timed out receiving message from renderer: 0.100
[1587327556.823][SEVERE]: Timed out receiving message from renderer: 0.100
[1587327556.925][SEVERE]: Timed out receiving message from renderer: 0.100
[1587327557.030][SEVERE]: Timed out receiving message from renderer: 0.100
[1587327557.137][SEVERE]: Timed out receiving message from renderer: 0.100
[1587327557.239][SEVERE]: Timed out receiving message from renderer: 0.100
[1587327557.341][SEVERE]: Timed out receiving message from renderer: 0.100
[1587327557.448][SEVERE]: Timed out receiving message from renderer: 0.100
[1587327557.554][SEVERE]: Timed out receiving message from renderer: 0.100
[1587327561.683][SEVERE]: Timed out receiving message from renderer: 0.100
[1587327562.217][SEVERE]: Timed out receiving message from renderer: 0.100
[1587327562.322][SEVERE]: Timed out receiving message from renderer: 0.100
[1587327562.446][SEVERE]: Timed out receiving message from renderer: 0.100
[1587327562.551][SEVERE]: Timed out receiving message from renderer: 0.100
[1587327562.656][SEVERE]: Timed out receiving message from renderer: 0.100
[1587327562.759][SEVERE]: Timed out receiving message from renderer: 0.100
[1587327562.862][SEVERE]: Timed out receiving message from renderer: 0.100
[1587327563.005][SEVERE]: Timed out receiving message from renderer: 0.100
[1587327563.106][SEVERE]: Timed out receiving message from renderer: 0.100
[1587327563.208][SEVERE]: Timed out receiving message from renderer: 0.100
[1587327563.312][SEVERE]: Timed out receiving message from renderer: 0.100
[1587327563.417][SEVERE]: Timed out receiving message from renderer: 0.100
[1587327563.521][SEVERE]: Timed out receiving message from renderer: 0.100
[1587327563.626][SEVERE]: Timed out receiving message from renderer: 0.100
[1587327563.732][SEVERE]: Timed out receiving message from renderer: 0.100
[1587327563.837][SEVERE]: Timed out receiving message from renderer: 0.100
[1587327564.044][SEVERE]: Timed out receiving message from renderer: 0.100
[1587327564.150][SEVERE]: Timed out receiving message from renderer: 0.100
[1587327564.253][SEVERE]: Timed out receiving message from renderer: 0.100
[1587327564.355][SEVERE]: Timed out receiving message from renderer: 0.100
[1587327564.459][SEVERE]: Timed out receiving message from renderer: 0.100
[1587327564.562][SEVERE]: Timed out receiving message from renderer: 0.100
[1587327564.668][SEVERE]: Timed out receiving message from renderer: 0.100
[1587327564.773][SEVERE]: Timed out receiving message from renderer: 0.100
[1587327564.878][SEVERE]: Timed out receiving message from renderer: 0.100
[1587327564.983][SEVERE]: Timed out receiving message from renderer: 0.100
[1587327565.089][SEVERE]: Timed out receiving message from renderer: 0.100
[1587327565.195][SEVERE]: Timed out receiving message from renderer: 0.100
[1587327565.301][SEVERE]: Timed out receiving message from renderer: 0.100
[1587327565.406][SEVERE]: Timed out receiving message from renderer: 0.100
[1587327565.510][SEVERE]: Timed out receiving message from renderer: 0.100
[1587327565.612][SEVERE]: Timed out receiving message from renderer: 0.100
[1587327565.714][SEVERE]: Timed out receiving message from renderer: 0.100
[1587327565.816][SEVERE]: Timed out receiving message from renderer: 0.100
[1587327565.922][SEVERE]: Timed out receiving message from renderer: 0.100
[1587327566.027][SEVERE]: Timed out receiving message from renderer: 0.100
[1587327566.132][SEVERE]: Timed out receiving message from renderer: 0.100
[1587327566.239][SEVERE]: Timed out receiving message from renderer: 0.100
[1587327566.481][SEVERE]: Timed out receiving message from renderer: 0.100
[1587327583.746][SEVERE]: Timed out receiving message from renderer: 0.100
[1587327584.135][SEVERE]: Timed out receiving message from renderer: 0.100
[1587327584.245][SEVERE]: Timed out receiving message from renderer: 0.100
[1587327584.349][SEVERE]: Timed out receiving message from renderer: 0.100
[1587327584.453][SEVERE]: Timed out receiving message from renderer: 0.100
[1587327584.554][SEVERE]: Timed out receiving message from renderer: 0.100
[1587327584.657][SEVERE]: Timed out receiving message from renderer: 0.100
[1587327584.762][SEVERE]: Timed out receiving message from renderer: 0.100
[1587327584.863][SEVERE]: Timed out receiving message from renderer: 0.100
[1587327584.965][SEVERE]: Timed out receiving message from renderer: 0.100
[1587327585.067][SEVERE]: Timed out receiving message from renderer: 0.100
[1587327585.169][SEVERE]: Timed out receiving message from renderer: 0.100
[1587327585.272][SEVERE]: Timed out receiving message from renderer: 0.100
[1587327585.374][SEVERE]: Timed out receiving message from renderer: 0.100
[1587327586.146][SEVERE]: Timed out receiving message from renderer: 0.100
[1587327586.248][SEVERE]: Timed out receiving message from renderer: 0.100
[1587327586.350][SEVERE]: Timed out receiving message from renderer: 0.100
[1587327586.452][SEVERE]: Timed out receiving message from renderer: 0.100
[1587327586.554][SEVERE]: Timed out receiving message from renderer: 0.100
[1587327587.096][SEVERE]: Timed out receiving message from renderer: 0.100
[1587327587.199][SEVERE]: Timed out receiving message from renderer: 0.100
[1587327587.302][SEVERE]: Timed out receiving message from renderer: 0.100
[1587327587.405][SEVERE]: Timed out receiving message from renderer: 0.100
[1587327587.507][SEVERE]: Timed out receiving message from renderer: 0.100
[1587327587.610][SEVERE]: Timed out receiving message from renderer: 0.100
[1587327593.164][SEVERE]: Timed out receiving message from renderer: 0.100
[1587327593.267][SEVERE]: Timed out receiving message from renderer: 0.100
[1587327593.370][SEVERE]: Timed out receiving message from renderer: 0.100
[1587327593.473][SEVERE]: Timed out receiving message from renderer: 0.100
[1587327593.579][SEVERE]: Timed out receiving message from renderer: 0.100
[1587327593.682][SEVERE]: Timed out receiving message from renderer: 0.100
[1587327593.787][SEVERE]: Timed out receiving message from renderer: 0.100
[1587327593.891][SEVERE]: Timed out receiving message from renderer: 0.100
[1587327593.997][SEVERE]: Timed out receiving message from renderer: 0.100
[1587327594.177][SEVERE]: Timed out receiving message from renderer: 0.100
[1587327594.283][SEVERE]: Timed out receiving message from renderer: 0.100
[1587327594.389][SEVERE]: Timed out receiving message from renderer: 0.100
[1587327594.494][SEVERE]: Timed out receiving message from renderer: 0.100
[1587327594.598][SEVERE]: Timed out receiving message from renderer: 0.100
[1587327594.702][SEVERE]: Timed out receiving message from renderer: 0.100
[1587327594.804][SEVERE]: Timed out receiving message from renderer: 0.100
[1587327594.908][SEVERE]: Timed out receiving message from renderer: 0.100
[1587327595.013][SEVERE]: Timed out receiving message from renderer: 0.100
[1587327595.122][SEVERE]: Timed out receiving message from renderer: 0.100
[1587327595.224][SEVERE]: Timed out receiving message from renderer: 0.100
[1587327596.257][SEVERE]: Timed out receiving message from renderer: 0.100
[1587327596.363][SEVERE]: Timed out receiving message from renderer: 0.100
[1587327596.471][SEVERE]: Timed out receiving message from renderer: 0.100
[1587327596.577][SEVERE]: Timed out receiving message from renderer: 0.100
[1587327596.683][SEVERE]: Timed out receiving message from renderer: 0.100
[1587327596.791][SEVERE]: Timed out receiving message from renderer: 0.100
[1587327597.040][SEVERE]: Timed out receiving message from renderer: 0.100
[1587327600.951][SEVERE]: Timed out receiving message from renderer: 0.100
[1587327602.474][SEVERE]: Timed out receiving message from renderer: 0.100
[1587327602.707][SEVERE]: Timed out receiving message from renderer: 0.100
[1587327602.861][SEVERE]: Timed out receiving message from renderer: 0.100
[1587327602.988][SEVERE]: Timed out receiving message from renderer: 0.100
[1587327604.260][SEVERE]: Timed out receiving message from renderer: 0.100
[1587327604.365][SEVERE]: Timed out receiving message from renderer: 0.100
[1587327604.471][SEVERE]: Timed out receiving message from renderer: 0.100
[1587327604.574][SEVERE]: Timed out receiving message from renderer: 0.100
[1587327604.683][SEVERE]: Timed out receiving message from renderer: 0.100
[1587327604.785][SEVERE]: Timed out receiving message from renderer: 0.100
[1587327604.887][SEVERE]: Timed out receiving message from renderer: 0.100
[1587327604.993][SEVERE]: Timed out receiving message from renderer: 0.100
[1587327605.097][SEVERE]: Timed out receiving message from renderer: 0.100
[1587327605.204][SEVERE]: Timed out receiving message from renderer: 0.100
[1587327605.306][SEVERE]: Timed out receiving message from renderer: 0.100
[1587327605.407][SEVERE]: Timed out receiving message from renderer: 0.100
[1587327605.511][SEVERE]: Timed out receiving message from renderer: 0.100
[1587327627.001][SEVERE]: Timed out receiving message from renderer: 0.100
[1587327627.104][SEVERE]: Timed out receiving message from renderer: 0.100
[1587327627.209][SEVERE]: Timed out receiving message from renderer: 0.100
[1587327627.317][SEVERE]: Timed out receiving message from renderer: 0.100
[1587327627.420][SEVERE]: Timed out receiving message from renderer: 0.100
[1587327627.522][SEVERE]: Timed out receiving message from renderer: 0.100
[1587327627.626][SEVERE]: Timed out receiving message from renderer: 0.100
[1587327627.732][SEVERE]: Timed out receiving message from renderer: 0.100
[1587327627.839][SEVERE]: Timed out receiving message from renderer: 0.100
[1587327627.960][SEVERE]: Timed out receiving message from renderer: 0.100
[1587327628.065][SEVERE]: Timed out receiving message from renderer: 0.100
[1587327628.169][SEVERE]: Timed out receiving message from renderer: 0.100
[1587327628.275][SEVERE]: Timed out receiving message from renderer: 0.100
[1587327628.382][SEVERE]: Timed out receiving message from renderer: 0.100
[1587327628.486][SEVERE]: Timed out receiving message from renderer: 0.100
[1587327628.591][SEVERE]: Timed out receiving message from renderer: 0.100
[1587327628.693][SEVERE]: Timed out receiving message from renderer: 0.100
[1587327628.798][SEVERE]: Timed out receiving message from renderer: 0.100
[1587327628.900][SEVERE]: Timed out receiving message from renderer: 0.100
[1587327629.006][SEVERE]: Timed out receiving message from renderer: 0.100
[1587327629.111][SEVERE]: Timed out receiving message from renderer: 0.100
[1587327629.218][SEVERE]: Timed out receiving message from renderer: 0.100
[1587327629.324][SEVERE]: Timed out receiving message from renderer: 0.100
[1587327629.427][SEVERE]: Timed out receiving message from renderer: 0.100
[1587327629.535][SEVERE]: Timed out receiving message from renderer: 0.100
[1587327629.637][SEVERE]: Timed out receiving message from renderer: 0.100
[1587327629.872][SEVERE]: Timed out receiving message from renderer: 0.100
[1587327629.974][SEVERE]: Timed out receiving message from renderer: 0.100
[1587327630.076][SEVERE]: Timed out receiving message from renderer: 0.100
[1587327630.183][SEVERE]: Timed out receiving message from renderer: 0.100
[1587327641.837][SEVERE]: Timed out receiving message from renderer: 0.100
[1587327642.246][SEVERE]: Timed out receiving message from renderer: 0.100
[1587327643.866][SEVERE]: Timed out receiving message from renderer: 0.100
[1587327644.054][SEVERE]: Timed out receiving message from renderer: 0.100
[1587327644.203][SEVERE]: Timed out receiving message from renderer: 0.100
[1587327644.324][SEVERE]: Timed out receiving message from renderer: 0.100
[1587327644.427][SEVERE]: Timed out receiving message from renderer: 0.100
[1587327644.547][SEVERE]: Timed out receiving message from renderer: 0.100
[1587327644.656][SEVERE]: Timed out receiving message from renderer: 0.100
]]></system-err>
</testsuite>
