<?xml version="1.0" encoding="UTF-8"?>
<testsuite name="com.qa.trello.tests.BoardNameChangeTest" tests="1" skipped="0" failures="0" errors="0" timestamp="2020-04-27T11:50:07" hostname="dns" time="18.66">
  <properties/>
  <testcase name="changeBoardName" classname="com.qa.trello.tests.BoardNameChangeTest" time="18.66"/>
  <system-out><![CDATA[]]></system-out>
  <system-err><![CDATA[Starting ChromeDriver 80.0.3987.106 (f68069574609230cf9b635cd784cfb1bf81bb53a-refs/branch-heads/3987@{#882}) on port 8418
Only local connections are allowed.
Please protect ports used by ChromeDriver and related test frameworks to prevent access by malicious code.
[1587988121.929][WARNING]: This version of ChromeDriver has not been tested with Chrome version 81.
апр 27, 2020 2:48:46 PM org.openqa.selenium.remote.ProtocolHandshake createSession
INFO: Detected dialect: W3C
[1587988129.265][SEVERE]: Timed out receiving message from renderer: 0.100
[1587988129.369][SEVERE]: Timed out receiving message from renderer: 0.100
[1587988129.475][SEVERE]: Timed out receiving message from renderer: 0.100
[1587988129.578][SEVERE]: Timed out receiving message from renderer: 0.100
[1587988129.682][SEVERE]: Timed out receiving message from renderer: 0.100
[1587988129.784][SEVERE]: Timed out receiving message from renderer: 0.100
[1587988129.890][SEVERE]: Timed out receiving message from renderer: 0.100
[1587988129.996][SEVERE]: Timed out receiving message from renderer: 0.100
[1587988130.101][SEVERE]: Timed out receiving message from renderer: 0.100
[1587988135.244][SEVERE]: Timed out receiving message from renderer: 0.100
[1587988136.232][SEVERE]: Timed out receiving message from renderer: 0.100
[1587988140.274][SEVERE]: Timed out receiving message from renderer: 0.100
[1587988142.885][SEVERE]: Timed out receiving message from renderer: 0.100
[1587988145.237][SEVERE]: Timed out receiving message from renderer: 0.100
[1587988145.764][SEVERE]: Timed out receiving message from renderer: 0.100
[1587988145.869][SEVERE]: Timed out receiving message from renderer: 0.100
[1587988145.979][SEVERE]: Timed out receiving message from renderer: 0.100
[1587988146.085][SEVERE]: Timed out receiving message from renderer: 0.100
[1587988146.190][SEVERE]: Timed out receiving message from renderer: 0.100
[1587988146.295][SEVERE]: Timed out receiving message from renderer: 0.100
[1587988146.400][SEVERE]: Timed out receiving message from renderer: 0.100
[1587988146.506][SEVERE]: Timed out receiving message from renderer: 0.100
[1587988146.611][SEVERE]: Timed out receiving message from renderer: 0.100
[1587988146.716][SEVERE]: Timed out receiving message from renderer: 0.100
[1587988146.818][SEVERE]: Timed out receiving message from renderer: 0.100
[1587988147.128][SEVERE]: Timed out receiving message from renderer: 0.100
[1587988147.233][SEVERE]: Timed out receiving message from renderer: 0.100
[1587988147.346][SEVERE]: Timed out receiving message from renderer: 0.100
[1587988147.450][SEVERE]: Timed out receiving message from renderer: 0.100
[1587988147.553][SEVERE]: Timed out receiving message from renderer: 0.100
[1587988147.655][SEVERE]: Timed out receiving message from renderer: 0.100
[1587988147.757][SEVERE]: Timed out receiving message from renderer: 0.100
[1587988147.904][SEVERE]: Timed out receiving message from renderer: 0.100
[1587988148.008][SEVERE]: Timed out receiving message from renderer: 0.100
[1587988148.110][SEVERE]: Timed out receiving message from renderer: 0.100
[1587988148.217][SEVERE]: Timed out receiving message from renderer: 0.100
[1587988148.323][SEVERE]: Timed out receiving message from renderer: 0.100
[1587988148.425][SEVERE]: Timed out receiving message from renderer: 0.100
[1587988148.530][SEVERE]: Timed out receiving message from renderer: 0.100
[1587988148.636][SEVERE]: Timed out receiving message from renderer: 0.100
[1587988148.741][SEVERE]: Timed out receiving message from renderer: 0.100
[1587988148.851][SEVERE]: Timed out receiving message from renderer: 0.100
[1587988148.956][SEVERE]: Timed out receiving message from renderer: 0.100
[1587988149.103][SEVERE]: Timed out receiving message from renderer: 0.100
[1587988149.206][SEVERE]: Timed out receiving message from renderer: 0.100
[1587988149.307][SEVERE]: Timed out receiving message from renderer: 0.100
[1587988149.409][SEVERE]: Timed out receiving message from renderer: 0.100
[1587988149.511][SEVERE]: Timed out receiving message from renderer: 0.100
[1587988149.857][SEVERE]: Timed out receiving message from renderer: 0.100
[1587988149.958][SEVERE]: Timed out receiving message from renderer: 0.100
[1587988150.061][SEVERE]: Timed out receiving message from renderer: 0.100
[1587988150.162][SEVERE]: Timed out receiving message from renderer: 0.100
[1587988150.266][SEVERE]: Timed out receiving message from renderer: 0.100
[1587988150.539][SEVERE]: Timed out receiving message from renderer: 0.100
[1587988150.641][SEVERE]: Timed out receiving message from renderer: 0.100
[1587988150.743][SEVERE]: Timed out receiving message from renderer: 0.100
[1587988150.846][SEVERE]: Timed out receiving message from renderer: 0.100
[1587988150.951][SEVERE]: Timed out receiving message from renderer: 0.100
[1587988153.276][SEVERE]: Timed out receiving message from renderer: 0.100
[1587988153.773][SEVERE]: Timed out receiving message from renderer: 0.100
[1587988153.883][SEVERE]: Timed out receiving message from renderer: 0.100
[1587988153.986][SEVERE]: Timed out receiving message from renderer: 0.100
[1587988154.089][SEVERE]: Timed out receiving message from renderer: 0.100
[1587988154.194][SEVERE]: Timed out receiving message from renderer: 0.100
[1587988154.504][SEVERE]: Timed out receiving message from renderer: 0.100
[1587988154.608][SEVERE]: Timed out receiving message from renderer: 0.100
[1587988155.756][SEVERE]: Timed out receiving message from renderer: 0.100
[1587988156.127][SEVERE]: Timed out receiving message from renderer: 0.100
[1587988156.483][SEVERE]: Timed out receiving message from renderer: 0.100
[1587988156.588][SEVERE]: Timed out receiving message from renderer: 0.100
[1587988157.060][SEVERE]: Timed out receiving message from renderer: 0.100
[1587988157.162][SEVERE]: Timed out receiving message from renderer: 0.100
[1587988162.557][SEVERE]: Timed out receiving message from renderer: 0.100
[1587988162.659][SEVERE]: Timed out receiving message from renderer: 0.100
[1587988162.764][SEVERE]: Timed out receiving message from renderer: 0.100
[1587988162.868][SEVERE]: Timed out receiving message from renderer: 0.100
[1587988162.973][SEVERE]: Timed out receiving message from renderer: 0.100
[1587988163.083][SEVERE]: Timed out receiving message from renderer: 0.100
[1587988163.185][SEVERE]: Timed out receiving message from renderer: 0.100
[1587988163.289][SEVERE]: Timed out receiving message from renderer: 0.100
[1587988163.398][SEVERE]: Timed out receiving message from renderer: 0.100
[1587988163.500][SEVERE]: Timed out receiving message from renderer: 0.100
[1587988163.603][SEVERE]: Timed out receiving message from renderer: 0.100
[1587988163.708][SEVERE]: Timed out receiving message from renderer: 0.100
[1587988165.034][SEVERE]: Timed out receiving message from renderer: 0.100
[1587988165.139][SEVERE]: Timed out receiving message from renderer: 0.100
[1587988165.244][SEVERE]: Timed out receiving message from renderer: 0.100
[1587988165.352][SEVERE]: Timed out receiving message from renderer: 0.100
[1587988165.854][SEVERE]: Timed out receiving message from renderer: 0.100
[1587988166.708][SEVERE]: Timed out receiving message from renderer: 0.100
[1587988168.102][SEVERE]: Timed out receiving message from renderer: 0.100
[1587988168.996][SEVERE]: Timed out receiving message from renderer: 0.100
[1587988169.101][SEVERE]: Timed out receiving message from renderer: 0.100
[1587988169.207][SEVERE]: Timed out receiving message from renderer: 0.100
[1587988169.313][SEVERE]: Timed out receiving message from renderer: 0.100
[1587988169.421][SEVERE]: Timed out receiving message from renderer: 0.100
[1587988169.524][SEVERE]: Timed out receiving message from renderer: 0.100
[1587988169.630][SEVERE]: Timed out receiving message from renderer: 0.100
[1587988169.734][SEVERE]: Timed out receiving message from renderer: 0.100
[1587988169.836][SEVERE]: Timed out receiving message from renderer: 0.100
[1587988169.940][SEVERE]: Timed out receiving message from renderer: 0.100
[1587988170.043][SEVERE]: Timed out receiving message from renderer: 0.100
[1587988170.151][SEVERE]: Timed out receiving message from renderer: 0.100
[1587988175.602][SEVERE]: Timed out receiving message from renderer: 0.100
[1587988175.704][SEVERE]: Timed out receiving message from renderer: 0.100
[1587988175.809][SEVERE]: Timed out receiving message from renderer: 0.100
[1587988175.915][SEVERE]: Timed out receiving message from renderer: 0.100
[1587988176.017][SEVERE]: Timed out receiving message from renderer: 0.100
[1587988176.120][SEVERE]: Timed out receiving message from renderer: 0.100
[1587988176.227][SEVERE]: Timed out receiving message from renderer: 0.100
[1587988176.333][SEVERE]: Timed out receiving message from renderer: 0.100
[1587988176.531][SEVERE]: Timed out receiving message from renderer: 0.100
[1587988176.633][SEVERE]: Timed out receiving message from renderer: 0.100
[1587988176.736][SEVERE]: Timed out receiving message from renderer: 0.100
[1587988176.838][SEVERE]: Timed out receiving message from renderer: 0.100
[1587988192.083][SEVERE]: Timed out receiving message from renderer: 0.100
[1587988192.185][SEVERE]: Timed out receiving message from renderer: 0.100
[1587988192.288][SEVERE]: Timed out receiving message from renderer: 0.100
[1587988192.394][SEVERE]: Timed out receiving message from renderer: 0.100
[1587988192.501][SEVERE]: Timed out receiving message from renderer: 0.100
[1587988192.616][SEVERE]: Timed out receiving message from renderer: 0.100
[1587988192.847][SEVERE]: Timed out receiving message from renderer: 0.100
[1587988192.952][SEVERE]: Timed out receiving message from renderer: 0.100
[1587988193.057][SEVERE]: Timed out receiving message from renderer: 0.100
[1587988193.162][SEVERE]: Timed out receiving message from renderer: 0.100
[1587988193.264][SEVERE]: Timed out receiving message from renderer: 0.100
[1587988193.370][SEVERE]: Timed out receiving message from renderer: 0.100
[1587988193.497][SEVERE]: Timed out receiving message from renderer: 0.100
[1587988193.600][SEVERE]: Timed out receiving message from renderer: 0.100
[1587988193.705][SEVERE]: Timed out receiving message from renderer: 0.100
[1587988193.808][SEVERE]: Timed out receiving message from renderer: 0.100
[1587988202.835][SEVERE]: Timed out receiving message from renderer: 0.100
[1587988203.706][SEVERE]: Timed out receiving message from renderer: 0.100
[1587988211.502][SEVERE]: Timed out receiving message from renderer: 0.100
[1587988211.604][SEVERE]: Timed out receiving message from renderer: 0.100
[1587988211.709][SEVERE]: Timed out receiving message from renderer: 0.100
[1587988211.814][SEVERE]: Timed out receiving message from renderer: 0.100
[1587988211.919][SEVERE]: Timed out receiving message from renderer: 0.100
[1587988212.024][SEVERE]: Timed out receiving message from renderer: 0.100
]]></system-err>
</testsuite>
