<?xml version="1.0" encoding="UTF-8"?>
<testsuite name="com.qa.trello.tests.BoardDeletionTests" tests="1" skipped="0" failures="0" errors="0" timestamp="2020-04-29T17:54:00" hostname="dns" time="18.893">
  <properties/>
  <testcase name="TestBoardDeletion" classname="com.qa.trello.tests.BoardDeletionTests" time="18.893"/>
  <system-out><![CDATA[was:  8now:  7
]]></system-out>
  <system-err><![CDATA[Starting ChromeDriver 80.0.3987.106 (f68069574609230cf9b635cd784cfb1bf81bb53a-refs/branch-heads/3987@{#882}) on port 32998
Only local connections are allowed.
Please protect ports used by ChromeDriver and related test frameworks to prevent access by malicious code.
[1588182769.512][WARNING]: This version of ChromeDriver has not been tested with Chrome version 81.
апр 29, 2020 8:52:52 PM org.openqa.selenium.remote.ProtocolHandshake createSession
INFO: Detected dialect: W3C
[1588182775.127][SEVERE]: Timed out receiving message from renderer: 0.100
[1588182775.231][SEVERE]: Timed out receiving message from renderer: 0.100
[1588182775.333][SEVERE]: Timed out receiving message from renderer: 0.100
[1588182775.436][SEVERE]: Timed out receiving message from renderer: 0.100
[1588182775.540][SEVERE]: Timed out receiving message from renderer: 0.100
[1588182775.642][SEVERE]: Timed out receiving message from renderer: 0.100
[1588182775.748][SEVERE]: Timed out receiving message from renderer: 0.100
[1588182775.853][SEVERE]: Timed out receiving message from renderer: 0.100
[1588182775.956][SEVERE]: Timed out receiving message from renderer: 0.100
[1588182776.062][SEVERE]: Timed out receiving message from renderer: 0.100
[1588182776.165][SEVERE]: Timed out receiving message from renderer: 0.100
[1588182776.268][SEVERE]: Timed out receiving message from renderer: 0.100
[1588182776.371][SEVERE]: Timed out receiving message from renderer: 0.100
[1588182777.548][SEVERE]: Timed out receiving message from renderer: 0.100
[1588182780.774][SEVERE]: Timed out receiving message from renderer: 0.100
[1588182781.467][SEVERE]: Timed out receiving message from renderer: 0.100
[1588182781.893][SEVERE]: Timed out receiving message from renderer: 0.100
[1588182782.001][SEVERE]: Timed out receiving message from renderer: 0.100
[1588182782.109][SEVERE]: Timed out receiving message from renderer: 0.100
[1588182782.211][SEVERE]: Timed out receiving message from renderer: 0.100
[1588182782.327][SEVERE]: Timed out receiving message from renderer: 0.100
[1588182782.429][SEVERE]: Timed out receiving message from renderer: 0.100
[1588182782.537][SEVERE]: Timed out receiving message from renderer: 0.100
[1588182782.639][SEVERE]: Timed out receiving message from renderer: 0.100
[1588182782.796][SEVERE]: Timed out receiving message from renderer: 0.100
[1588182783.123][SEVERE]: Timed out receiving message from renderer: 0.100
[1588182783.225][SEVERE]: Timed out receiving message from renderer: 0.100
[1588182783.328][SEVERE]: Timed out receiving message from renderer: 0.100
[1588182783.430][SEVERE]: Timed out receiving message from renderer: 0.100
[1588182783.532][SEVERE]: Timed out receiving message from renderer: 0.100
[1588182783.635][SEVERE]: Timed out receiving message from renderer: 0.100
[1588182783.768][SEVERE]: Timed out receiving message from renderer: 0.100
[1588182783.870][SEVERE]: Timed out receiving message from renderer: 0.100
[1588182784.113][SEVERE]: Timed out receiving message from renderer: 0.100
[1588182784.224][SEVERE]: Timed out receiving message from renderer: 0.100
[1588182784.330][SEVERE]: Timed out receiving message from renderer: 0.100
[1588182784.433][SEVERE]: Timed out receiving message from renderer: 0.100
[1588182784.535][SEVERE]: Timed out receiving message from renderer: 0.100
[1588182784.637][SEVERE]: Timed out receiving message from renderer: 0.100
[1588182795.912][SEVERE]: Timed out receiving message from renderer: 0.100
[1588182796.014][SEVERE]: Timed out receiving message from renderer: 0.100
[1588182796.123][SEVERE]: Timed out receiving message from renderer: 0.100
[1588182796.242][SEVERE]: Timed out receiving message from renderer: 0.100
[1588182796.362][SEVERE]: Timed out receiving message from renderer: 0.100
[1588182796.518][SEVERE]: Timed out receiving message from renderer: 0.100
[1588182796.656][SEVERE]: Timed out receiving message from renderer: 0.100
[1588182796.783][SEVERE]: Timed out receiving message from renderer: 0.100
[1588182796.886][SEVERE]: Timed out receiving message from renderer: 0.100
[1588182797.005][SEVERE]: Timed out receiving message from renderer: 0.100
[1588182797.111][SEVERE]: Timed out receiving message from renderer: 0.100
[1588182797.214][SEVERE]: Timed out receiving message from renderer: 0.100
[1588182797.324][SEVERE]: Timed out receiving message from renderer: 0.100
[1588182797.428][SEVERE]: Timed out receiving message from renderer: 0.100
[1588182797.532][SEVERE]: Timed out receiving message from renderer: 0.100
[1588182797.643][SEVERE]: Timed out receiving message from renderer: 0.100
[1588182798.730][SEVERE]: Timed out receiving message from renderer: 0.100
[1588182798.831][SEVERE]: Timed out receiving message from renderer: 0.100
[1588182798.933][SEVERE]: Timed out receiving message from renderer: 0.100
[1588182799.036][SEVERE]: Timed out receiving message from renderer: 0.100
[1588182799.146][SEVERE]: Timed out receiving message from renderer: 0.100
[1588182799.766][SEVERE]: Timed out receiving message from renderer: 0.100
[1588182800.338][SEVERE]: Timed out receiving message from renderer: 0.100
[1588182802.776][SEVERE]: Timed out receiving message from renderer: 0.100
[1588182802.881][SEVERE]: Timed out receiving message from renderer: 0.100
[1588182803.005][SEVERE]: Timed out receiving message from renderer: 0.100
[1588182803.108][SEVERE]: Timed out receiving message from renderer: 0.100
[1588182803.248][SEVERE]: Timed out receiving message from renderer: 0.100
[1588182803.392][SEVERE]: Timed out receiving message from renderer: 0.100
[1588182803.494][SEVERE]: Timed out receiving message from renderer: 0.100
[1588182821.789][SEVERE]: Timed out receiving message from renderer: 0.100
[1588182821.894][SEVERE]: Timed out receiving message from renderer: 0.100
[1588182821.998][SEVERE]: Timed out receiving message from renderer: 0.100
[1588182822.101][SEVERE]: Timed out receiving message from renderer: 0.100
[1588182822.205][SEVERE]: Timed out receiving message from renderer: 0.100
[1588182822.307][SEVERE]: Timed out receiving message from renderer: 0.100
[1588182822.487][SEVERE]: Timed out receiving message from renderer: 0.100
[1588182822.649][SEVERE]: Timed out receiving message from renderer: 0.100
[1588182822.751][SEVERE]: Timed out receiving message from renderer: 0.100
[1588182822.856][SEVERE]: Timed out receiving message from renderer: 0.100
[1588182822.959][SEVERE]: Timed out receiving message from renderer: 0.100
[1588182823.090][SEVERE]: Timed out receiving message from renderer: 0.100
[1588182823.199][SEVERE]: Timed out receiving message from renderer: 0.100
[1588182823.751][SEVERE]: Timed out receiving message from renderer: 0.100
[1588182823.853][SEVERE]: Timed out receiving message from renderer: 0.100
[1588182823.959][SEVERE]: Timed out receiving message from renderer: 0.100
[1588182824.076][SEVERE]: Timed out receiving message from renderer: 0.100
[1588182824.185][SEVERE]: Timed out receiving message from renderer: 0.100
[1588182824.290][SEVERE]: Timed out receiving message from renderer: 0.100
[1588182824.397][SEVERE]: Timed out receiving message from renderer: 0.100
[1588182824.499][SEVERE]: Timed out receiving message from renderer: 0.100
[1588182824.603][SEVERE]: Timed out receiving message from renderer: 0.100
[1588182824.708][SEVERE]: Timed out receiving message from renderer: 0.100
[1588182824.811][SEVERE]: Timed out receiving message from renderer: 0.100
[1588182824.916][SEVERE]: Timed out receiving message from renderer: 0.100
[1588182825.020][SEVERE]: Timed out receiving message from renderer: 0.100
[1588182825.123][SEVERE]: Timed out receiving message from renderer: 0.100
[1588182825.226][SEVERE]: Timed out receiving message from renderer: 0.100
[1588182825.334][SEVERE]: Timed out receiving message from renderer: 0.100
[1588182825.436][SEVERE]: Timed out receiving message from renderer: 0.100
[1588182825.541][SEVERE]: Timed out receiving message from renderer: 0.100
[1588182825.645][SEVERE]: Timed out receiving message from renderer: 0.100
[1588182825.747][SEVERE]: Timed out receiving message from renderer: 0.100
[1588182825.849][SEVERE]: Timed out receiving message from renderer: 0.100
[1588182825.954][SEVERE]: Timed out receiving message from renderer: 0.100
[1588182826.058][SEVERE]: Timed out receiving message from renderer: 0.100
[1588182826.162][SEVERE]: Timed out receiving message from renderer: 0.100
[1588182826.264][SEVERE]: Timed out receiving message from renderer: 0.100
[1588182826.367][SEVERE]: Timed out receiving message from renderer: 0.100
[1588182826.469][SEVERE]: Timed out receiving message from renderer: 0.100
[1588182826.571][SEVERE]: Timed out receiving message from renderer: 0.100
[1588182826.673][SEVERE]: Timed out receiving message from renderer: 0.100
[1588182826.776][SEVERE]: Timed out receiving message from renderer: 0.100
[1588182826.880][SEVERE]: Timed out receiving message from renderer: 0.100
[1588182826.983][SEVERE]: Timed out receiving message from renderer: 0.100
[1588182827.085][SEVERE]: Timed out receiving message from renderer: 0.100
[1588182827.187][SEVERE]: Timed out receiving message from renderer: 0.100
[1588182827.290][SEVERE]: Timed out receiving message from renderer: 0.100
[1588182827.392][SEVERE]: Timed out receiving message from renderer: 0.100
[1588182827.494][SEVERE]: Timed out receiving message from renderer: 0.100
[1588182827.596][SEVERE]: Timed out receiving message from renderer: 0.100
[1588182827.699][SEVERE]: Timed out receiving message from renderer: 0.100
[1588182827.801][SEVERE]: Timed out receiving message from renderer: 0.100
[1588182827.903][SEVERE]: Timed out receiving message from renderer: 0.100
[1588182828.005][SEVERE]: Timed out receiving message from renderer: 0.100
[1588182828.109][SEVERE]: Timed out receiving message from renderer: 0.100
[1588182828.212][SEVERE]: Timed out receiving message from renderer: 0.100
[1588182828.314][SEVERE]: Timed out receiving message from renderer: 0.100
[1588182828.416][SEVERE]: Timed out receiving message from renderer: 0.100
[1588182828.518][SEVERE]: Timed out receiving message from renderer: 0.100
[1588182828.620][SEVERE]: Timed out receiving message from renderer: 0.100
[1588182828.722][SEVERE]: Timed out receiving message from renderer: 0.100
[1588182828.824][SEVERE]: Timed out receiving message from renderer: 0.100
[1588182828.926][SEVERE]: Timed out receiving message from renderer: 0.100
[1588182829.028][SEVERE]: Timed out receiving message from renderer: 0.100
[1588182829.130][SEVERE]: Timed out receiving message from renderer: 0.100
[1588182829.232][SEVERE]: Timed out receiving message from renderer: 0.100
[1588182829.345][SEVERE]: Timed out receiving message from renderer: 0.100
[1588182829.450][SEVERE]: Timed out receiving message from renderer: 0.100
[1588182829.552][SEVERE]: Timed out receiving message from renderer: 0.100
[1588182829.654][SEVERE]: Timed out receiving message from renderer: 0.100
[1588182829.757][SEVERE]: Timed out receiving message from renderer: 0.100
[1588182829.863][SEVERE]: Timed out receiving message from renderer: 0.100
[1588182829.967][SEVERE]: Timed out receiving message from renderer: 0.100
[1588182830.069][SEVERE]: Timed out receiving message from renderer: 0.100
[1588182830.171][SEVERE]: Timed out receiving message from renderer: 0.100
[1588182830.273][SEVERE]: Timed out receiving message from renderer: 0.100
[1588182830.375][SEVERE]: Timed out receiving message from renderer: 0.100
[1588182830.478][SEVERE]: Timed out receiving message from renderer: 0.100
[1588182830.581][SEVERE]: Timed out receiving message from renderer: 0.100
[1588182830.690][SEVERE]: Timed out receiving message from renderer: 0.100
[1588182830.792][SEVERE]: Timed out receiving message from renderer: 0.100
[1588182830.894][SEVERE]: Timed out receiving message from renderer: 0.100
[1588182830.996][SEVERE]: Timed out receiving message from renderer: 0.100
[1588182831.098][SEVERE]: Timed out receiving message from renderer: 0.100
[1588182831.203][SEVERE]: Timed out receiving message from renderer: 0.100
[1588182831.308][SEVERE]: Timed out receiving message from renderer: 0.100
[1588182831.415][SEVERE]: Timed out receiving message from renderer: 0.100
[1588182831.518][SEVERE]: Timed out receiving message from renderer: 0.100
[1588182831.623][SEVERE]: Timed out receiving message from renderer: 0.100
[1588182831.726][SEVERE]: Timed out receiving message from renderer: 0.100
[1588182831.828][SEVERE]: Timed out receiving message from renderer: 0.100
[1588182831.931][SEVERE]: Timed out receiving message from renderer: 0.100
[1588182832.035][SEVERE]: Timed out receiving message from renderer: 0.100
[1588182832.141][SEVERE]: Timed out receiving message from renderer: 0.100
[1588182832.246][SEVERE]: Timed out receiving message from renderer: 0.100
[1588182832.351][SEVERE]: Timed out receiving message from renderer: 0.100
[1588182832.456][SEVERE]: Timed out receiving message from renderer: 0.100
[1588182832.560][SEVERE]: Timed out receiving message from renderer: 0.100
[1588182832.665][SEVERE]: Timed out receiving message from renderer: 0.100
[1588182832.770][SEVERE]: Timed out receiving message from renderer: 0.100
[1588182837.199][SEVERE]: Timed out receiving message from renderer: 0.100
]]></system-err>
</testsuite>
