<?xml version="1.0" encoding="UTF-8"?>
<testsuite name="com.qa.trello.tests.BoardDeletionTests" tests="1" skipped="0" failures="0" errors="0" timestamp="2020-04-26T12:07:29" hostname="dns" time="41.748">
  <properties/>
  <testcase name="TestBoardDeletion" classname="com.qa.trello.tests.BoardDeletionTests" time="41.748"/>
  <system-out><![CDATA[]]></system-out>
  <system-err><![CDATA[Starting ChromeDriver 80.0.3987.106 (f68069574609230cf9b635cd784cfb1bf81bb53a-refs/branch-heads/3987@{#882}) on port 26465
Only local connections are allowed.
Please protect ports used by ChromeDriver and related test frameworks to prevent access by malicious code.
[1587902801.268][WARNING]: This version of ChromeDriver has not been tested with Chrome version 81.
[1587902803.291][WARNING]: Timed out connecting to Chrome, retrying...
апр 26, 2020 3:06:49 PM org.openqa.selenium.remote.ProtocolHandshake createSession
INFO: Detected dialect: W3C
[1587902814.033][SEVERE]: Timed out receiving message from renderer: 0.100
[1587902814.156][SEVERE]: Timed out receiving message from renderer: 0.100
[1587902814.275][SEVERE]: Timed out receiving message from renderer: 0.100
[1587902814.376][SEVERE]: Timed out receiving message from renderer: 0.100
[1587902814.479][SEVERE]: Timed out receiving message from renderer: 0.100
[1587902814.583][SEVERE]: Timed out receiving message from renderer: 0.100
[1587902814.685][SEVERE]: Timed out receiving message from renderer: 0.100
[1587902814.803][SEVERE]: Timed out receiving message from renderer: 0.100
[1587902814.909][SEVERE]: Timed out receiving message from renderer: 0.100
[1587902815.018][SEVERE]: Timed out receiving message from renderer: 0.100
[1587902815.125][SEVERE]: Timed out receiving message from renderer: 0.100
[1587902818.796][SEVERE]: Timed out receiving message from renderer: 0.100
[1587902820.913][SEVERE]: Timed out receiving message from renderer: 0.100
[1587902821.432][SEVERE]: Timed out receiving message from renderer: 0.100
[1587902821.536][SEVERE]: Timed out receiving message from renderer: 0.100
[1587902821.638][SEVERE]: Timed out receiving message from renderer: 0.100
[1587902821.749][SEVERE]: Timed out receiving message from renderer: 0.100
[1587902821.852][SEVERE]: Timed out receiving message from renderer: 0.100
[1587902821.956][SEVERE]: Timed out receiving message from renderer: 0.100
[1587902822.518][SEVERE]: Timed out receiving message from renderer: 0.100
[1587902822.623][SEVERE]: Timed out receiving message from renderer: 0.100
[1587902822.826][SEVERE]: Timed out receiving message from renderer: 0.100
[1587902822.928][SEVERE]: Timed out receiving message from renderer: 0.100
[1587902823.036][SEVERE]: Timed out receiving message from renderer: 0.100
[1587902823.147][SEVERE]: Timed out receiving message from renderer: 0.100
[1587902823.252][SEVERE]: Timed out receiving message from renderer: 0.100
[1587902823.359][SEVERE]: Timed out receiving message from renderer: 0.100
[1587902823.632][SEVERE]: Timed out receiving message from renderer: 0.100
[1587902823.809][SEVERE]: Timed out receiving message from renderer: 0.100
[1587902823.912][SEVERE]: Timed out receiving message from renderer: 0.100
[1587902824.013][SEVERE]: Timed out receiving message from renderer: 0.100
[1587902824.180][SEVERE]: Timed out receiving message from renderer: 0.100
[1587902824.281][SEVERE]: Timed out receiving message from renderer: 0.100
[1587902824.388][SEVERE]: Timed out receiving message from renderer: 0.100
[1587902824.599][SEVERE]: Timed out receiving message from renderer: 0.100
[1587902824.720][SEVERE]: Timed out receiving message from renderer: 0.100
[1587902824.857][SEVERE]: Timed out receiving message from renderer: 0.100
[1587902824.967][SEVERE]: Timed out receiving message from renderer: 0.100
[1587902825.068][SEVERE]: Timed out receiving message from renderer: 0.100
[1587902825.171][SEVERE]: Timed out receiving message from renderer: 0.100
[1587902825.308][SEVERE]: Timed out receiving message from renderer: 0.100
[1587902825.413][SEVERE]: Timed out receiving message from renderer: 0.100
[1587902837.338][SEVERE]: Timed out receiving message from renderer: 0.100
[1587902837.441][SEVERE]: Timed out receiving message from renderer: 0.100
[1587902837.544][SEVERE]: Timed out receiving message from renderer: 0.100
[1587902837.656][SEVERE]: Timed out receiving message from renderer: 0.100
[1587902837.758][SEVERE]: Timed out receiving message from renderer: 0.100
[1587902837.863][SEVERE]: Timed out receiving message from renderer: 0.100
[1587902837.968][SEVERE]: Timed out receiving message from renderer: 0.100
[1587902838.072][SEVERE]: Timed out receiving message from renderer: 0.100
[1587902838.176][SEVERE]: Timed out receiving message from renderer: 0.100
[1587902838.279][SEVERE]: Timed out receiving message from renderer: 0.100
[1587902838.387][SEVERE]: Timed out receiving message from renderer: 0.100
[1587902838.589][SEVERE]: Timed out receiving message from renderer: 0.100
[1587902838.691][SEVERE]: Timed out receiving message from renderer: 0.100
[1587902838.794][SEVERE]: Timed out receiving message from renderer: 0.100
[1587902838.900][SEVERE]: Timed out receiving message from renderer: 0.100
[1587902839.011][SEVERE]: Timed out receiving message from renderer: 0.100
[1587902839.115][SEVERE]: Timed out receiving message from renderer: 0.100
[1587902839.220][SEVERE]: Timed out receiving message from renderer: 0.100
[1587902839.324][SEVERE]: Timed out receiving message from renderer: 0.100
[1587902839.426][SEVERE]: Timed out receiving message from renderer: 0.100
[1587902839.528][SEVERE]: Timed out receiving message from renderer: 0.100
[1587902839.631][SEVERE]: Timed out receiving message from renderer: 0.100
[1587902839.737][SEVERE]: Timed out receiving message from renderer: 0.100
[1587902839.842][SEVERE]: Timed out receiving message from renderer: 0.100
[1587902839.960][SEVERE]: Timed out receiving message from renderer: 0.100
[1587902840.063][SEVERE]: Timed out receiving message from renderer: 0.100
[1587902840.167][SEVERE]: Timed out receiving message from renderer: 0.100
[1587902840.269][SEVERE]: Timed out receiving message from renderer: 0.100
[1587902840.371][SEVERE]: Timed out receiving message from renderer: 0.100
[1587902840.475][SEVERE]: Timed out receiving message from renderer: 0.100
[1587902840.590][SEVERE]: Timed out receiving message from renderer: 0.100
[1587902840.746][SEVERE]: Timed out receiving message from renderer: 0.100
[1587902842.359][SEVERE]: Timed out receiving message from renderer: 0.100
[1587902842.462][SEVERE]: Timed out receiving message from renderer: 0.100
[1587902842.566][SEVERE]: Timed out receiving message from renderer: 0.100
[1587902842.681][SEVERE]: Timed out receiving message from renderer: 0.100
[1587902842.785][SEVERE]: Timed out receiving message from renderer: 0.100
[1587902842.889][SEVERE]: Timed out receiving message from renderer: 0.100
[1587902842.994][SEVERE]: Timed out receiving message from renderer: 0.100
[1587902843.134][SEVERE]: Timed out receiving message from renderer: 0.100
[1587902844.751][SEVERE]: Timed out receiving message from renderer: 0.100
[1587902845.006][SEVERE]: Timed out receiving message from renderer: 0.100
[1587902846.348][SEVERE]: Timed out receiving message from renderer: 0.100
[1587902846.462][SEVERE]: Timed out receiving message from renderer: 0.100
[1587902846.572][SEVERE]: Timed out receiving message from renderer: 0.100
[1587902846.676][SEVERE]: Timed out receiving message from renderer: 0.100
[1587902846.786][SEVERE]: Timed out receiving message from renderer: 0.100
[1587902846.888][SEVERE]: Timed out receiving message from renderer: 0.100
[1587902846.990][SEVERE]: Timed out receiving message from renderer: 0.100
[1587902847.095][SEVERE]: Timed out receiving message from renderer: 0.100
[1587902847.924][SEVERE]: Timed out receiving message from renderer: 0.100
[1587902848.028][SEVERE]: Timed out receiving message from renderer: 0.100
[1587902848.137][SEVERE]: Timed out receiving message from renderer: 0.100
[1587902848.242][SEVERE]: Timed out receiving message from renderer: 0.100
[1587902848.348][SEVERE]: Timed out receiving message from renderer: 0.100
[1587902848.451][SEVERE]: Timed out receiving message from renderer: 0.100
[1587902848.557][SEVERE]: Timed out receiving message from renderer: 0.100
[1587902848.664][SEVERE]: Timed out receiving message from renderer: 0.100
[1587902848.766][SEVERE]: Timed out receiving message from renderer: 0.100
[1587902870.598][SEVERE]: Timed out receiving message from renderer: 0.100
[1587902870.700][SEVERE]: Timed out receiving message from renderer: 0.100
[1587902870.821][SEVERE]: Timed out receiving message from renderer: 0.100
[1587902870.928][SEVERE]: Timed out receiving message from renderer: 0.100
[1587902871.030][SEVERE]: Timed out receiving message from renderer: 0.100
[1587902871.132][SEVERE]: Timed out receiving message from renderer: 0.100
[1587902871.234][SEVERE]: Timed out receiving message from renderer: 0.100
[1587902871.339][SEVERE]: Timed out receiving message from renderer: 0.100
[1587902871.441][SEVERE]: Timed out receiving message from renderer: 0.100
[1587902871.565][SEVERE]: Timed out receiving message from renderer: 0.100
[1587902871.668][SEVERE]: Timed out receiving message from renderer: 0.100
[1587902871.773][SEVERE]: Timed out receiving message from renderer: 0.100
[1587902871.879][SEVERE]: Timed out receiving message from renderer: 0.100
[1587902871.982][SEVERE]: Timed out receiving message from renderer: 0.100
[1587902872.089][SEVERE]: Timed out receiving message from renderer: 0.100
[1587902872.197][SEVERE]: Timed out receiving message from renderer: 0.100
[1587902872.302][SEVERE]: Timed out receiving message from renderer: 0.100
[1587902872.413][SEVERE]: Timed out receiving message from renderer: 0.100
[1587902872.517][SEVERE]: Timed out receiving message from renderer: 0.100
[1587902872.627][SEVERE]: Timed out receiving message from renderer: 0.100
[1587902872.729][SEVERE]: Timed out receiving message from renderer: 0.100
[1587902872.835][SEVERE]: Timed out receiving message from renderer: 0.100
[1587902872.967][SEVERE]: Timed out receiving message from renderer: 0.100
[1587902873.072][SEVERE]: Timed out receiving message from renderer: 0.100
[1587902873.176][SEVERE]: Timed out receiving message from renderer: 0.100
[1587902873.283][SEVERE]: Timed out receiving message from renderer: 0.100
[1587902873.392][SEVERE]: Timed out receiving message from renderer: 0.100
[1587902873.495][SEVERE]: Timed out receiving message from renderer: 0.100
[1587902873.596][SEVERE]: Timed out receiving message from renderer: 0.100
[1587902873.703][SEVERE]: Timed out receiving message from renderer: 0.100
[1587902873.825][SEVERE]: Timed out receiving message from renderer: 0.100
[1587902873.956][SEVERE]: Timed out receiving message from renderer: 0.100
[1587902874.059][SEVERE]: Timed out receiving message from renderer: 0.100
[1587902874.172][SEVERE]: Timed out receiving message from renderer: 0.100
[1587902874.462][SEVERE]: Timed out receiving message from renderer: 0.100
[1587902874.568][SEVERE]: Timed out receiving message from renderer: 0.100
[1587902874.670][SEVERE]: Timed out receiving message from renderer: 0.100
[1587902874.776][SEVERE]: Timed out receiving message from renderer: 0.100
[1587902874.878][SEVERE]: Timed out receiving message from renderer: 0.100
[1587902879.415][SEVERE]: Timed out receiving message from renderer: 0.100
[1587902880.257][SEVERE]: Timed out receiving message from renderer: 0.100
[1587902881.086][SEVERE]: Timed out receiving message from renderer: 0.100
[1587902884.745][SEVERE]: Timed out receiving message from renderer: 0.100
[1587902884.850][SEVERE]: Timed out receiving message from renderer: 0.100
[1587902885.186][SEVERE]: Timed out receiving message from renderer: 0.100
[1587902889.811][SEVERE]: Timed out receiving message from renderer: 0.100
[1587902889.912][SEVERE]: Timed out receiving message from renderer: 0.100
]]></system-err>
</testsuite>
