<?xml version="1.0" encoding="UTF-8"?>
<testsuite name="com.qa.trello.tests.TeamBoardCreation" tests="1" skipped="0" failures="1" errors="0" timestamp="2020-04-23T08:02:15" hostname="dns" time="95.241">
  <properties/>
  <testcase name="TeamBoardCreation" classname="com.qa.trello.tests.TeamBoardCreation" time="95.241">
    <failure message="org.openqa.selenium.TimeoutException: Expected condition failed: waiting for presence of element located by: By.xpath: //*[@class='_33CvMKqfH4Yf0j'] (tried for 20 second(s) with 500 milliseconds interval)" type="org.openqa.selenium.TimeoutException">org.openqa.selenium.TimeoutException: Expected condition failed: waiting for presence of element located by: By.xpath: //*[@class='_33CvMKqfH4Yf0j'] (tried for 20 second(s) with 500 milliseconds interval)
	at org.openqa.selenium.support.ui.WebDriverWait.timeoutException(WebDriverWait.java:95)
	at org.openqa.selenium.support.ui.FluentWait.until(FluentWait.java:272)
	at com.qa.trello.tests.TeamBoardCreation.click(TeamBoardCreation.java:92)
	at com.qa.trello.tests.TeamBoardCreation.initTeamCreation(TeamBoardCreation.java:63)
	at com.qa.trello.tests.TeamBoardCreation.TeamBoardCreation(TeamBoardCreation.java:31)
	at sun.reflect.NativeMethodAccessorImpl.invoke0(Native Method)
	at sun.reflect.NativeMethodAccessorImpl.invoke(NativeMethodAccessorImpl.java:62)
	at sun.reflect.DelegatingMethodAccessorImpl.invoke(DelegatingMethodAccessorImpl.java:43)
	at java.lang.reflect.Method.invoke(Method.java:498)
	at org.testng.internal.MethodInvocationHelper.invokeMethod(MethodInvocationHelper.java:134)
	at org.testng.internal.TestInvoker.invokeMethod(TestInvoker.java:597)
	at org.testng.internal.TestInvoker.invokeTestMethod(TestInvoker.java:173)
	at org.testng.internal.MethodRunner.runInSequence(MethodRunner.java:46)
	at org.testng.internal.TestInvoker$MethodInvocationAgent.invoke(TestInvoker.java:816)
	at org.testng.internal.TestInvoker.invokeTestMethods(TestInvoker.java:146)
	at org.testng.internal.TestMethodWorker.invokeTestMethods(TestMethodWorker.java:146)
	at org.testng.internal.TestMethodWorker.run(TestMethodWorker.java:128)
	at java.util.ArrayList.forEach(ArrayList.java:1257)
	at org.testng.TestRunner.privateRun(TestRunner.java:766)
	at org.testng.TestRunner.run(TestRunner.java:587)
	at org.testng.SuiteRunner.runTest(SuiteRunner.java:384)
	at org.testng.SuiteRunner.runSequentially(SuiteRunner.java:378)
	at org.testng.SuiteRunner.privateRun(SuiteRunner.java:337)
	at org.testng.SuiteRunner.run(SuiteRunner.java:286)
	at org.testng.SuiteRunnerWorker.runSuite(SuiteRunnerWorker.java:53)
	at org.testng.SuiteRunnerWorker.run(SuiteRunnerWorker.java:96)
	at org.testng.TestNG.runSuitesSequentially(TestNG.java:1187)
	at org.testng.TestNG.runSuitesLocally(TestNG.java:1109)
	at org.testng.TestNG.runSuites(TestNG.java:1039)
	at org.testng.TestNG.run(TestNG.java:1007)
	at org.gradle.api.internal.tasks.testing.testng.TestNGTestClassProcessor.runTests(TestNGTestClassProcessor.java:141)
	at org.gradle.api.internal.tasks.testing.testng.TestNGTestClassProcessor.stop(TestNGTestClassProcessor.java:90)
	at org.gradle.api.internal.tasks.testing.SuiteTestClassProcessor.stop(SuiteTestClassProcessor.java:61)
	at sun.reflect.NativeMethodAccessorImpl.invoke0(Native Method)
	at sun.reflect.NativeMethodAccessorImpl.invoke(NativeMethodAccessorImpl.java:62)
	at sun.reflect.DelegatingMethodAccessorImpl.invoke(DelegatingMethodAccessorImpl.java:43)
	at java.lang.reflect.Method.invoke(Method.java:498)
	at org.gradle.internal.dispatch.ReflectionDispatch.dispatch(ReflectionDispatch.java:35)
	at org.gradle.internal.dispatch.ReflectionDispatch.dispatch(ReflectionDispatch.java:24)
	at org.gradle.internal.dispatch.ContextClassLoaderDispatch.dispatch(ContextClassLoaderDispatch.java:32)
	at org.gradle.internal.dispatch.ProxyDispatchAdapter$DispatchingInvocationHandler.invoke(ProxyDispatchAdapter.java:93)
	at com.sun.proxy.$Proxy2.stop(Unknown Source)
	at org.gradle.api.internal.tasks.testing.worker.TestWorker.stop(TestWorker.java:132)
	at sun.reflect.NativeMethodAccessorImpl.invoke0(Native Method)
	at sun.reflect.NativeMethodAccessorImpl.invoke(NativeMethodAccessorImpl.java:62)
	at sun.reflect.DelegatingMethodAccessorImpl.invoke(DelegatingMethodAccessorImpl.java:43)
	at java.lang.reflect.Method.invoke(Method.java:498)
	at org.gradle.internal.dispatch.ReflectionDispatch.dispatch(ReflectionDispatch.java:35)
	at org.gradle.internal.dispatch.ReflectionDispatch.dispatch(ReflectionDispatch.java:24)
	at org.gradle.internal.remote.internal.hub.MessageHubBackedObjectConnection$DispatchWrapper.dispatch(MessageHubBackedObjectConnection.java:175)
	at org.gradle.internal.remote.internal.hub.MessageHubBackedObjectConnection$DispatchWrapper.dispatch(MessageHubBackedObjectConnection.java:157)
	at org.gradle.internal.remote.internal.hub.MessageHub$Handler.run(MessageHub.java:404)
	at org.gradle.internal.concurrent.ExecutorPolicy$CatchAndRecordFailures.onExecute(ExecutorPolicy.java:63)
	at org.gradle.internal.concurrent.ManagedExecutorImpl$1.run(ManagedExecutorImpl.java:46)
	at java.util.concurrent.ThreadPoolExecutor.runWorker(ThreadPoolExecutor.java:1149)
	at java.util.concurrent.ThreadPoolExecutor$Worker.run(ThreadPoolExecutor.java:624)
	at org.gradle.internal.concurrent.ThreadFactoryImpl$ManagedThreadRunnable.run(ThreadFactoryImpl.java:55)
	at java.lang.Thread.run(Thread.java:748)
Caused by: org.openqa.selenium.NoSuchElementException: no such element: Unable to locate element: {&quot;method&quot;:&quot;xpath&quot;,&quot;selector&quot;:&quot;//*[@class='_33CvMKqfH4Yf0j']&quot;}
  (Session info: chrome=81.0.4044.113)
For documentation on this error, please visit: https://www.seleniumhq.org/exceptions/no_such_element.html
Build info: version: '3.141.59', revision: 'e82be7d358', time: '2018-11-14T08:17:03'
System info: host: 'DNS', ip: '192.168.172.2', os.name: 'Windows 8.1', os.arch: 'amd64', os.version: '6.3', java.version: '1.8.0_241'
Driver info: org.openqa.selenium.chrome.ChromeDriver
Capabilities {acceptInsecureCerts: false, browserName: chrome, browserVersion: 81.0.4044.113, chrome: {chromedriverVersion: 80.0.3987.106 (f68069574609..., userDataDir: C:\Users\user\AppData\Local...}, goog:chromeOptions: {debuggerAddress: localhost:63586}, javascriptEnabled: true, networkConnectionEnabled: false, pageLoadStrategy: normal, platform: WINDOWS, platformName: WINDOWS, proxy: Proxy(), setWindowRect: true, strictFileInteractability: false, timeouts: {implicit: 0, pageLoad: 300000, script: 30000}, unhandledPromptBehavior: dismiss and notify}
Session ID: 0ac4994800870907b0a7bc18f409f729
*** Element info: {Using=xpath, value=//*[@class='_33CvMKqfH4Yf0j']}
	at sun.reflect.NativeConstructorAccessorImpl.newInstance0(Native Method)
	at sun.reflect.NativeConstructorAccessorImpl.newInstance(NativeConstructorAccessorImpl.java:62)
	at sun.reflect.DelegatingConstructorAccessorImpl.newInstance(DelegatingConstructorAccessorImpl.java:45)
	at java.lang.reflect.Constructor.newInstance(Constructor.java:423)
	at org.openqa.selenium.remote.http.W3CHttpResponseCodec.createException(W3CHttpResponseCodec.java:187)
	at org.openqa.selenium.remote.http.W3CHttpResponseCodec.decode(W3CHttpResponseCodec.java:122)
	at org.openqa.selenium.remote.http.W3CHttpResponseCodec.decode(W3CHttpResponseCodec.java:49)
	at org.openqa.selenium.remote.HttpCommandExecutor.execute(HttpCommandExecutor.java:158)
	at org.openqa.selenium.remote.service.DriverCommandExecutor.execute(DriverCommandExecutor.java:83)
	at org.openqa.selenium.remote.RemoteWebDriver.execute(RemoteWebDriver.java:552)
	at org.openqa.selenium.remote.RemoteWebDriver.findElement(RemoteWebDriver.java:323)
	at org.openqa.selenium.remote.RemoteWebDriver.findElementByXPath(RemoteWebDriver.java:428)
	at org.openqa.selenium.By$ByXPath.findElement(By.java:353)
	at org.openqa.selenium.remote.RemoteWebDriver.findElement(RemoteWebDriver.java:315)
	at org.openqa.selenium.support.ui.ExpectedConditions$6.apply(ExpectedConditions.java:182)
	at org.openqa.selenium.support.ui.ExpectedConditions$6.apply(ExpectedConditions.java:179)
	at org.openqa.selenium.support.ui.FluentWait.until(FluentWait.java:249)
	... 56 more
</failure>
  </testcase>
  <system-out><![CDATA[]]></system-out>
  <system-err><![CDATA[Starting ChromeDriver 80.0.3987.106 (f68069574609230cf9b635cd784cfb1bf81bb53a-refs/branch-heads/3987@{#882}) on port 32928
Only local connections are allowed.
Please protect ports used by ChromeDriver and related test frameworks to prevent access by malicious code.
[1587628840.063][WARNING]: This version of ChromeDriver has not been tested with Chrome version 81.
[1587628842.166][WARNING]: Timed out connecting to Chrome, retrying...
апр 23, 2020 11:00:59 AM org.openqa.selenium.remote.ProtocolHandshake createSession
INFO: Detected dialect: W3C
[1587628882.389][SEVERE]: Timed out receiving message from renderer: 0.100
[1587628882.495][SEVERE]: Timed out receiving message from renderer: 0.100
[1587628882.607][SEVERE]: Timed out receiving message from renderer: 0.100
[1587628882.718][SEVERE]: Timed out receiving message from renderer: 0.100
[1587628882.821][SEVERE]: Timed out receiving message from renderer: 0.100
[1587628882.925][SEVERE]: Timed out receiving message from renderer: 0.100
[1587628883.028][SEVERE]: Timed out receiving message from renderer: 0.100
[1587628883.131][SEVERE]: Timed out receiving message from renderer: 0.100
[1587628883.236][SEVERE]: Timed out receiving message from renderer: 0.100
[1587628883.338][SEVERE]: Timed out receiving message from renderer: 0.100
[1587628883.445][SEVERE]: Timed out receiving message from renderer: 0.100
[1587628889.313][SEVERE]: Timed out receiving message from renderer: 0.100
[1587628890.347][SEVERE]: Timed out receiving message from renderer: 0.100
[1587628924.384][SEVERE]: Timed out receiving message from renderer: 0.100
[1587628927.066][SEVERE]: Timed out receiving message from renderer: 0.100
[1587628927.241][SEVERE]: Timed out receiving message from renderer: 0.100
[1587628927.349][SEVERE]: Timed out receiving message from renderer: 0.100
[1587628927.455][SEVERE]: Timed out receiving message from renderer: 0.100
[1587628927.561][SEVERE]: Timed out receiving message from renderer: 0.100
[1587628927.732][SEVERE]: Timed out receiving message from renderer: 0.100
[1587628927.838][SEVERE]: Timed out receiving message from renderer: 0.100
[1587628927.941][SEVERE]: Timed out receiving message from renderer: 0.100
[1587628928.047][SEVERE]: Timed out receiving message from renderer: 0.100
[1587628928.239][SEVERE]: Timed out receiving message from renderer: 0.100
[1587628928.341][SEVERE]: Timed out receiving message from renderer: 0.100
[1587628928.445][SEVERE]: Timed out receiving message from renderer: 0.100
[1587628928.550][SEVERE]: Timed out receiving message from renderer: 0.100
[1587628928.655][SEVERE]: Timed out receiving message from renderer: 0.100
[1587628928.764][SEVERE]: Timed out receiving message from renderer: 0.100
[1587628928.869][SEVERE]: Timed out receiving message from renderer: 0.100
[1587628928.972][SEVERE]: Timed out receiving message from renderer: 0.100
[1587628929.075][SEVERE]: Timed out receiving message from renderer: 0.100
[1587628929.177][SEVERE]: Timed out receiving message from renderer: 0.100
[1587628929.281][SEVERE]: Timed out receiving message from renderer: 0.100
[1587628929.384][SEVERE]: Timed out receiving message from renderer: 0.100
[1587628929.486][SEVERE]: Timed out receiving message from renderer: 0.100
[1587628929.588][SEVERE]: Timed out receiving message from renderer: 0.100
[1587628929.694][SEVERE]: Timed out receiving message from renderer: 0.100
[1587628929.799][SEVERE]: Timed out receiving message from renderer: 0.100
[1587628930.868][SEVERE]: Timed out receiving message from renderer: 0.100
[1587628930.970][SEVERE]: Timed out receiving message from renderer: 0.100
[1587628931.072][SEVERE]: Timed out receiving message from renderer: 0.100
[1587628931.175][SEVERE]: Timed out receiving message from renderer: 0.100
[1587628931.284][SEVERE]: Timed out receiving message from renderer: 0.100
[1587628931.386][SEVERE]: Timed out receiving message from renderer: 0.100
[1587628931.489][SEVERE]: Timed out receiving message from renderer: 0.100
[1587628931.594][SEVERE]: Timed out receiving message from renderer: 0.100
[1587628931.699][SEVERE]: Timed out receiving message from renderer: 0.100
[1587628931.804][SEVERE]: Timed out receiving message from renderer: 0.100
[1587628931.908][SEVERE]: Timed out receiving message from renderer: 0.100
[1587628932.010][SEVERE]: Timed out receiving message from renderer: 0.100
[1587628932.112][SEVERE]: Timed out receiving message from renderer: 0.100
[1587628932.384][SEVERE]: Timed out receiving message from renderer: 0.100
[1587628932.488][SEVERE]: Timed out receiving message from renderer: 0.100
[1587628932.590][SEVERE]: Timed out receiving message from renderer: 0.100
[1587628932.692][SEVERE]: Timed out receiving message from renderer: 0.100
[1587628932.796][SEVERE]: Timed out receiving message from renderer: 0.100
[1587628932.899][SEVERE]: Timed out receiving message from renderer: 0.100
[1587628933.000][SEVERE]: Timed out receiving message from renderer: 0.100
[1587628933.103][SEVERE]: Timed out receiving message from renderer: 0.100
[1587628933.205][SEVERE]: Timed out receiving message from renderer: 0.100
[1587628933.307][SEVERE]: Timed out receiving message from renderer: 0.100
[1587628933.409][SEVERE]: Timed out receiving message from renderer: 0.100
[1587628933.512][SEVERE]: Timed out receiving message from renderer: 0.100
[1587628933.618][SEVERE]: Timed out receiving message from renderer: 0.100
[1587628933.722][SEVERE]: Timed out receiving message from renderer: 0.100
[1587628933.840][SEVERE]: Timed out receiving message from renderer: 0.100
[1587628933.963][SEVERE]: Timed out receiving message from renderer: 0.100
[1587628934.080][SEVERE]: Timed out receiving message from renderer: 0.100
[1587628934.182][SEVERE]: Timed out receiving message from renderer: 0.100
[1587628934.356][SEVERE]: Timed out receiving message from renderer: 0.100
[1587628934.461][SEVERE]: Timed out receiving message from renderer: 0.100
[1587628934.565][SEVERE]: Timed out receiving message from renderer: 0.100
[1587628934.667][SEVERE]: Timed out receiving message from renderer: 0.100
[1587628934.769][SEVERE]: Timed out receiving message from renderer: 0.100
[1587628934.873][SEVERE]: Timed out receiving message from renderer: 0.100
[1587628934.978][SEVERE]: Timed out receiving message from renderer: 0.100
[1587628947.679][SEVERE]: Timed out receiving message from renderer: 0.100
[1587628948.415][SEVERE]: Timed out receiving message from renderer: 0.100
[1587628948.537][SEVERE]: Timed out receiving message from renderer: 0.100
[1587628948.642][SEVERE]: Timed out receiving message from renderer: 0.100
[1587628948.745][SEVERE]: Timed out receiving message from renderer: 0.100
[1587628948.850][SEVERE]: Timed out receiving message from renderer: 0.100
[1587628948.960][SEVERE]: Timed out receiving message from renderer: 0.100
[1587628949.068][SEVERE]: Timed out receiving message from renderer: 0.100
[1587628949.172][SEVERE]: Timed out receiving message from renderer: 0.100
[1587628949.274][SEVERE]: Timed out receiving message from renderer: 0.100
[1587628949.378][SEVERE]: Timed out receiving message from renderer: 0.100
[1587628949.481][SEVERE]: Timed out receiving message from renderer: 0.100
[1587628949.585][SEVERE]: Timed out receiving message from renderer: 0.100
[1587628949.691][SEVERE]: Timed out receiving message from renderer: 0.100
[1587628949.797][SEVERE]: Timed out receiving message from renderer: 0.100
[1587628949.902][SEVERE]: Timed out receiving message from renderer: 0.100
[1587628950.015][SEVERE]: Timed out receiving message from renderer: 0.100
[1587628950.121][SEVERE]: Timed out receiving message from renderer: 0.100
[1587628950.223][SEVERE]: Timed out receiving message from renderer: 0.100
[1587628950.327][SEVERE]: Timed out receiving message from renderer: 0.100
[1587628950.429][SEVERE]: Timed out receiving message from renderer: 0.100
[1587628950.536][SEVERE]: Timed out receiving message from renderer: 0.100
[1587628950.644][SEVERE]: Timed out receiving message from renderer: 0.100
[1587628950.754][SEVERE]: Timed out receiving message from renderer: 0.100
[1587628950.857][SEVERE]: Timed out receiving message from renderer: 0.100
[1587628950.962][SEVERE]: Timed out receiving message from renderer: 0.100
[1587628951.070][SEVERE]: Timed out receiving message from renderer: 0.100
[1587628951.176][SEVERE]: Timed out receiving message from renderer: 0.100
[1587628951.282][SEVERE]: Timed out receiving message from renderer: 0.100
[1587628951.392][SEVERE]: Timed out receiving message from renderer: 0.100
[1587628951.499][SEVERE]: Timed out receiving message from renderer: 0.100
[1587628951.606][SEVERE]: Timed out receiving message from renderer: 0.100
[1587628951.716][SEVERE]: Timed out receiving message from renderer: 0.100
[1587628951.824][SEVERE]: Timed out receiving message from renderer: 0.100
[1587628951.929][SEVERE]: Timed out receiving message from renderer: 0.100
[1587628952.033][SEVERE]: Timed out receiving message from renderer: 0.100
[1587628952.135][SEVERE]: Timed out receiving message from renderer: 0.100
[1587628952.244][SEVERE]: Timed out receiving message from renderer: 0.100
[1587628952.347][SEVERE]: Timed out receiving message from renderer: 0.100
[1587628952.450][SEVERE]: Timed out receiving message from renderer: 0.100
[1587628952.554][SEVERE]: Timed out receiving message from renderer: 0.100
[1587628952.666][SEVERE]: Timed out receiving message from renderer: 0.100
[1587628952.769][SEVERE]: Timed out receiving message from renderer: 0.100
[1587628952.873][SEVERE]: Timed out receiving message from renderer: 0.100
[1587628952.977][SEVERE]: Timed out receiving message from renderer: 0.100
[1587628953.085][SEVERE]: Timed out receiving message from renderer: 0.100
[1587628953.189][SEVERE]: Timed out receiving message from renderer: 0.100
[1587628953.292][SEVERE]: Timed out receiving message from renderer: 0.100
[1587628953.398][SEVERE]: Timed out receiving message from renderer: 0.100
[1587628953.501][SEVERE]: Timed out receiving message from renderer: 0.100
[1587628953.604][SEVERE]: Timed out receiving message from renderer: 0.100
[1587628953.710][SEVERE]: Timed out receiving message from renderer: 0.100
[1587628953.813][SEVERE]: Timed out receiving message from renderer: 0.100
[1587628953.916][SEVERE]: Timed out receiving message from renderer: 0.100
[1587628954.019][SEVERE]: Timed out receiving message from renderer: 0.100
[1587628954.124][SEVERE]: Timed out receiving message from renderer: 0.100
[1587628954.227][SEVERE]: Timed out receiving message from renderer: 0.100
[1587628954.330][SEVERE]: Timed out receiving message from renderer: 0.100
[1587628954.432][SEVERE]: Timed out receiving message from renderer: 0.100
[1587628954.536][SEVERE]: Timed out receiving message from renderer: 0.100
[1587628954.638][SEVERE]: Timed out receiving message from renderer: 0.100
[1587628954.748][SEVERE]: Timed out receiving message from renderer: 0.100
[1587628954.852][SEVERE]: Timed out receiving message from renderer: 0.100
[1587628954.955][SEVERE]: Timed out receiving message from renderer: 0.100
[1587628955.063][SEVERE]: Timed out receiving message from renderer: 0.100
[1587628955.168][SEVERE]: Timed out receiving message from renderer: 0.100
[1587628955.271][SEVERE]: Timed out receiving message from renderer: 0.100
[1587628955.377][SEVERE]: Timed out receiving message from renderer: 0.100
[1587628955.481][SEVERE]: Timed out receiving message from renderer: 0.100
[1587628955.586][SEVERE]: Timed out receiving message from renderer: 0.100
[1587628955.690][SEVERE]: Timed out receiving message from renderer: 0.100
[1587628955.795][SEVERE]: Timed out receiving message from renderer: 0.100
[1587628955.900][SEVERE]: Timed out receiving message from renderer: 0.100
[1587628956.002][SEVERE]: Timed out receiving message from renderer: 0.100
[1587628956.106][SEVERE]: Timed out receiving message from renderer: 0.100
[1587628956.210][SEVERE]: Timed out receiving message from renderer: 0.100
[1587628956.318][SEVERE]: Timed out receiving message from renderer: 0.100
[1587628956.420][SEVERE]: Timed out receiving message from renderer: 0.100
[1587628956.522][SEVERE]: Timed out receiving message from renderer: 0.100
[1587628956.624][SEVERE]: Timed out receiving message from renderer: 0.100
[1587628956.726][SEVERE]: Timed out receiving message from renderer: 0.100
[1587628956.828][SEVERE]: Timed out receiving message from renderer: 0.100
[1587628956.931][SEVERE]: Timed out receiving message from renderer: 0.100
[1587628957.034][SEVERE]: Timed out receiving message from renderer: 0.100
[1587628957.141][SEVERE]: Timed out receiving message from renderer: 0.100
[1587628957.244][SEVERE]: Timed out receiving message from renderer: 0.100
[1587628957.348][SEVERE]: Timed out receiving message from renderer: 0.100
[1587628957.450][SEVERE]: Timed out receiving message from renderer: 0.100
[1587628957.553][SEVERE]: Timed out receiving message from renderer: 0.100
[1587628957.655][SEVERE]: Timed out receiving message from renderer: 0.100
[1587628957.757][SEVERE]: Timed out receiving message from renderer: 0.100
[1587628957.860][SEVERE]: Timed out receiving message from renderer: 0.100
[1587628957.962][SEVERE]: Timed out receiving message from renderer: 0.100
[1587628958.064][SEVERE]: Timed out receiving message from renderer: 0.100
[1587628958.165][SEVERE]: Timed out receiving message from renderer: 0.100
[1587628958.268][SEVERE]: Timed out receiving message from renderer: 0.100
[1587628958.372][SEVERE]: Timed out receiving message from renderer: 0.100
[1587628958.481][SEVERE]: Timed out receiving message from renderer: 0.100
[1587628958.589][SEVERE]: Timed out receiving message from renderer: 0.100
[1587628958.692][SEVERE]: Timed out receiving message from renderer: 0.100
[1587628958.794][SEVERE]: Timed out receiving message from renderer: 0.100
[1587628958.896][SEVERE]: Timed out receiving message from renderer: 0.100
[1587628958.998][SEVERE]: Timed out receiving message from renderer: 0.100
[1587628959.100][SEVERE]: Timed out receiving message from renderer: 0.100
[1587628959.202][SEVERE]: Timed out receiving message from renderer: 0.100
[1587628959.303][SEVERE]: Timed out receiving message from renderer: 0.100
[1587628959.411][SEVERE]: Timed out receiving message from renderer: 0.100
[1587628959.513][SEVERE]: Timed out receiving message from renderer: 0.100
[1587628959.615][SEVERE]: Timed out receiving message from renderer: 0.100
[1587628959.716][SEVERE]: Timed out receiving message from renderer: 0.100
[1587628959.821][SEVERE]: Timed out receiving message from renderer: 0.100
[1587628959.929][SEVERE]: Timed out receiving message from renderer: 0.100
[1587628960.032][SEVERE]: Timed out receiving message from renderer: 0.100
[1587628960.200][SEVERE]: Timed out receiving message from renderer: 0.100
[1587628960.302][SEVERE]: Timed out receiving message from renderer: 0.100
[1587628960.405][SEVERE]: Timed out receiving message from renderer: 0.100
[1587628960.507][SEVERE]: Timed out receiving message from renderer: 0.100
[1587628960.656][SEVERE]: Timed out receiving message from renderer: 0.100
[1587628960.759][SEVERE]: Timed out receiving message from renderer: 0.100
[1587628960.861][SEVERE]: Timed out receiving message from renderer: 0.100
[1587628960.963][SEVERE]: Timed out receiving message from renderer: 0.100
[1587628961.067][SEVERE]: Timed out receiving message from renderer: 0.100
[1587628961.170][SEVERE]: Timed out receiving message from renderer: 0.100
[1587628961.272][SEVERE]: Timed out receiving message from renderer: 0.100
[1587628961.374][SEVERE]: Timed out receiving message from renderer: 0.100
[1587628961.484][SEVERE]: Timed out receiving message from renderer: 0.100
[1587628961.587][SEVERE]: Timed out receiving message from renderer: 0.100
[1587628961.694][SEVERE]: Timed out receiving message from renderer: 0.100
[1587628967.165][SEVERE]: Timed out receiving message from renderer: 0.100
[1587628967.474][SEVERE]: Timed out receiving message from renderer: 0.100
[1587628967.579][SEVERE]: Timed out receiving message from renderer: 0.100
[1587628967.681][SEVERE]: Timed out receiving message from renderer: 0.100
[1587628967.783][SEVERE]: Timed out receiving message from renderer: 0.100
[1587628967.887][SEVERE]: Timed out receiving message from renderer: 0.100
[1587628967.990][SEVERE]: Timed out receiving message from renderer: 0.100
[1587628968.093][SEVERE]: Timed out receiving message from renderer: 0.100
[1587628968.202][SEVERE]: Timed out receiving message from renderer: 0.100
[1587628968.312][SEVERE]: Timed out receiving message from renderer: 0.100
[1587628968.415][SEVERE]: Timed out receiving message from renderer: 0.100
[1587628968.518][SEVERE]: Timed out receiving message from renderer: 0.100
[1587628968.621][SEVERE]: Timed out receiving message from renderer: 0.100
[1587628968.723][SEVERE]: Timed out receiving message from renderer: 0.100
[1587628968.828][SEVERE]: Timed out receiving message from renderer: 0.100
[1587628968.932][SEVERE]: Timed out receiving message from renderer: 0.100
[1587628969.038][SEVERE]: Timed out receiving message from renderer: 0.100
[1587628969.144][SEVERE]: Timed out receiving message from renderer: 0.100
[1587628969.249][SEVERE]: Timed out receiving message from renderer: 0.100
[1587628969.531][SEVERE]: Timed out receiving message from renderer: 0.100
[1587628969.637][SEVERE]: Timed out receiving message from renderer: 0.100
[1587628969.745][SEVERE]: Timed out receiving message from renderer: 0.100
[1587628969.848][SEVERE]: Timed out receiving message from renderer: 0.100
[1587628969.956][SEVERE]: Timed out receiving message from renderer: 0.100
[1587628970.059][SEVERE]: Timed out receiving message from renderer: 0.100
[1587628970.162][SEVERE]: Timed out receiving message from renderer: 0.100
[1587628970.267][SEVERE]: Timed out receiving message from renderer: 0.100
[1587628970.376][SEVERE]: Timed out receiving message from renderer: 0.100
[1587628970.482][SEVERE]: Timed out receiving message from renderer: 0.100
[1587628970.584][SEVERE]: Timed out receiving message from renderer: 0.100
[1587628970.687][SEVERE]: Timed out receiving message from renderer: 0.100
[1587628970.798][SEVERE]: Timed out receiving message from renderer: 0.100
[1587628970.900][SEVERE]: Timed out receiving message from renderer: 0.100
[1587628971.004][SEVERE]: Timed out receiving message from renderer: 0.100
[1587628971.107][SEVERE]: Timed out receiving message from renderer: 0.100
[1587628971.215][SEVERE]: Timed out receiving message from renderer: 0.100
[1587628971.320][SEVERE]: Timed out receiving message from renderer: 0.100
[1587628971.426][SEVERE]: Timed out receiving message from renderer: 0.100
[1587628971.528][SEVERE]: Timed out receiving message from renderer: 0.100
[1587628971.640][SEVERE]: Timed out receiving message from renderer: 0.100
[1587628971.745][SEVERE]: Timed out receiving message from renderer: 0.100
[1587628971.855][SEVERE]: Timed out receiving message from renderer: 0.100
[1587628972.140][SEVERE]: Timed out receiving message from renderer: 0.100
[1587628972.592][SEVERE]: Timed out receiving message from renderer: 0.100
[1587628972.710][SEVERE]: Timed out receiving message from renderer: 0.100
[1587628972.817][SEVERE]: Timed out receiving message from renderer: 0.100
[1587628972.936][SEVERE]: Timed out receiving message from renderer: 0.100
[1587628973.039][SEVERE]: Timed out receiving message from renderer: 0.100
[1587628973.142][SEVERE]: Timed out receiving message from renderer: 0.100
[1587628973.248][SEVERE]: Timed out receiving message from renderer: 0.100
[1587628973.352][SEVERE]: Timed out receiving message from renderer: 0.100
[1587628973.686][SEVERE]: Timed out receiving message from renderer: 0.100
[1587628973.799][SEVERE]: Timed out receiving message from renderer: 0.100
[1587628973.902][SEVERE]: Timed out receiving message from renderer: 0.100
[1587628974.012][SEVERE]: Timed out receiving message from renderer: 0.100
[1587628974.128][SEVERE]: Timed out receiving message from renderer: 0.100
[1587628974.231][SEVERE]: Timed out receiving message from renderer: 0.100
[1587628988.037][SEVERE]: Timed out receiving message from renderer: 0.100
[1587628988.152][SEVERE]: Timed out receiving message from renderer: 0.100
[1587628988.259][SEVERE]: Timed out receiving message from renderer: 0.100
[1587628988.361][SEVERE]: Timed out receiving message from renderer: 0.100
[1587628988.463][SEVERE]: Timed out receiving message from renderer: 0.100
[1587628988.567][SEVERE]: Timed out receiving message from renderer: 0.100
[1587628988.670][SEVERE]: Timed out receiving message from renderer: 0.100
[1587628988.772][SEVERE]: Timed out receiving message from renderer: 0.100
[1587628988.882][SEVERE]: Timed out receiving message from renderer: 0.100
[1587628988.986][SEVERE]: Timed out receiving message from renderer: 0.100
[1587628989.091][SEVERE]: Timed out receiving message from renderer: 0.100
[1587628989.198][SEVERE]: Timed out receiving message from renderer: 0.100
[1587628989.303][SEVERE]: Timed out receiving message from renderer: 0.100
[1587628989.408][SEVERE]: Timed out receiving message from renderer: 0.100
[1587628989.511][SEVERE]: Timed out receiving message from renderer: 0.100
[1587628989.614][SEVERE]: Timed out receiving message from renderer: 0.100
[1587628989.716][SEVERE]: Timed out receiving message from renderer: 0.100
[1587628989.832][SEVERE]: Timed out receiving message from renderer: 0.100
[1587628989.934][SEVERE]: Timed out receiving message from renderer: 0.100
[1587628990.037][SEVERE]: Timed out receiving message from renderer: 0.100
[1587628990.145][SEVERE]: Timed out receiving message from renderer: 0.100
[1587628990.250][SEVERE]: Timed out receiving message from renderer: 0.100
[1587628990.356][SEVERE]: Timed out receiving message from renderer: 0.100
[1587628990.459][SEVERE]: Timed out receiving message from renderer: 0.100
[1587628990.563][SEVERE]: Timed out receiving message from renderer: 0.100
[1587628990.667][SEVERE]: Timed out receiving message from renderer: 0.100
[1587628990.772][SEVERE]: Timed out receiving message from renderer: 0.100
[1587628990.876][SEVERE]: Timed out receiving message from renderer: 0.100
[1587628990.982][SEVERE]: Timed out receiving message from renderer: 0.100
[1587628991.090][SEVERE]: Timed out receiving message from renderer: 0.100
[1587628991.193][SEVERE]: Timed out receiving message from renderer: 0.100
[1587628991.295][SEVERE]: Timed out receiving message from renderer: 0.100
[1587628991.402][SEVERE]: Timed out receiving message from renderer: 0.100
[1587628991.509][SEVERE]: Timed out receiving message from renderer: 0.100
[1587628991.614][SEVERE]: Timed out receiving message from renderer: 0.100
[1587628991.720][SEVERE]: Timed out receiving message from renderer: 0.100
[1587628991.826][SEVERE]: Timed out receiving message from renderer: 0.100
[1587628991.930][SEVERE]: Timed out receiving message from renderer: 0.100
[1587628992.034][SEVERE]: Timed out receiving message from renderer: 0.100
[1587628992.139][SEVERE]: Timed out receiving message from renderer: 0.100
[1587628992.247][SEVERE]: Timed out receiving message from renderer: 0.100
[1587628992.365][SEVERE]: Timed out receiving message from renderer: 0.100
[1587628992.472][SEVERE]: Timed out receiving message from renderer: 0.100
[1587628992.575][SEVERE]: Timed out receiving message from renderer: 0.100
[1587628992.677][SEVERE]: Timed out receiving message from renderer: 0.100
[1587628992.779][SEVERE]: Timed out receiving message from renderer: 0.100
[1587628992.886][SEVERE]: Timed out receiving message from renderer: 0.100
[1587628992.988][SEVERE]: Timed out receiving message from renderer: 0.100
[1587628993.091][SEVERE]: Timed out receiving message from renderer: 0.100
[1587628993.197][SEVERE]: Timed out receiving message from renderer: 0.100
[1587628993.307][SEVERE]: Timed out receiving message from renderer: 0.100
[1587628993.412][SEVERE]: Timed out receiving message from renderer: 0.100
[1587628993.516][SEVERE]: Timed out receiving message from renderer: 0.100
[1587628993.622][SEVERE]: Timed out receiving message from renderer: 0.100
[1587628993.725][SEVERE]: Timed out receiving message from renderer: 0.100
[1587628993.832][SEVERE]: Timed out receiving message from renderer: 0.100
[1587628993.935][SEVERE]: Timed out receiving message from renderer: 0.100
[1587628994.040][SEVERE]: Timed out receiving message from renderer: 0.100
[1587628994.145][SEVERE]: Timed out receiving message from renderer: 0.100
[1587628994.248][SEVERE]: Timed out receiving message from renderer: 0.100
[1587628994.352][SEVERE]: Timed out receiving message from renderer: 0.100
[1587628994.454][SEVERE]: Timed out receiving message from renderer: 0.100
[1587628994.557][SEVERE]: Timed out receiving message from renderer: 0.100
[1587628994.660][SEVERE]: Timed out receiving message from renderer: 0.100
[1587628994.764][SEVERE]: Timed out receiving message from renderer: 0.100
[1587628994.868][SEVERE]: Timed out receiving message from renderer: 0.100
[1587628994.970][SEVERE]: Timed out receiving message from renderer: 0.100
[1587628995.085][SEVERE]: Timed out receiving message from renderer: 0.100
[1587628995.189][SEVERE]: Timed out receiving message from renderer: 0.100
[1587628995.293][SEVERE]: Timed out receiving message from renderer: 0.100
[1587628995.395][SEVERE]: Timed out receiving message from renderer: 0.100
[1587628995.498][SEVERE]: Timed out receiving message from renderer: 0.100
[1587628995.602][SEVERE]: Timed out receiving message from renderer: 0.100
[1587628995.704][SEVERE]: Timed out receiving message from renderer: 0.100
[1587628995.806][SEVERE]: Timed out receiving message from renderer: 0.100
[1587628995.908][SEVERE]: Timed out receiving message from renderer: 0.100
[1587628996.010][SEVERE]: Timed out receiving message from renderer: 0.100
[1587628996.113][SEVERE]: Timed out receiving message from renderer: 0.100
[1587628996.218][SEVERE]: Timed out receiving message from renderer: 0.100
[1587628996.323][SEVERE]: Timed out receiving message from renderer: 0.100
[1587628996.428][SEVERE]: Timed out receiving message from renderer: 0.100
[1587628996.545][SEVERE]: Timed out receiving message from renderer: 0.100
[1587628996.654][SEVERE]: Timed out receiving message from renderer: 0.100
[1587628996.755][SEVERE]: Timed out receiving message from renderer: 0.100
[1587628996.859][SEVERE]: Timed out receiving message from renderer: 0.100
[1587628996.967][SEVERE]: Timed out receiving message from renderer: 0.100
[1587628997.069][SEVERE]: Timed out receiving message from renderer: 0.100
[1587628997.175][SEVERE]: Timed out receiving message from renderer: 0.100
[1587628997.278][SEVERE]: Timed out receiving message from renderer: 0.100
[1587628997.380][SEVERE]: Timed out receiving message from renderer: 0.100
[1587628997.482][SEVERE]: Timed out receiving message from renderer: 0.100
[1587628997.584][SEVERE]: Timed out receiving message from renderer: 0.100
[1587628997.686][SEVERE]: Timed out receiving message from renderer: 0.100
[1587628997.791][SEVERE]: Timed out receiving message from renderer: 0.100
[1587628997.902][SEVERE]: Timed out receiving message from renderer: 0.100
[1587628998.013][SEVERE]: Timed out receiving message from renderer: 0.100
[1587628998.115][SEVERE]: Timed out receiving message from renderer: 0.100
[1587628998.218][SEVERE]: Timed out receiving message from renderer: 0.100
[1587628998.321][SEVERE]: Timed out receiving message from renderer: 0.100
[1587628998.424][SEVERE]: Timed out receiving message from renderer: 0.100
[1587628998.526][SEVERE]: Timed out receiving message from renderer: 0.100
[1587628998.629][SEVERE]: Timed out receiving message from renderer: 0.100
[1587628998.731][SEVERE]: Timed out receiving message from renderer: 0.100
[1587628998.833][SEVERE]: Timed out receiving message from renderer: 0.100
[1587628998.936][SEVERE]: Timed out receiving message from renderer: 0.100
[1587628999.039][SEVERE]: Timed out receiving message from renderer: 0.100
[1587628999.156][SEVERE]: Timed out receiving message from renderer: 0.100
[1587628999.264][SEVERE]: Timed out receiving message from renderer: 0.100
[1587628999.375][SEVERE]: Timed out receiving message from renderer: 0.100
[1587628999.478][SEVERE]: Timed out receiving message from renderer: 0.100
[1587628999.587][SEVERE]: Timed out receiving message from renderer: 0.100
[1587628999.692][SEVERE]: Timed out receiving message from renderer: 0.100
[1587628999.794][SEVERE]: Timed out receiving message from renderer: 0.100
[1587628999.896][SEVERE]: Timed out receiving message from renderer: 0.100
[1587628999.999][SEVERE]: Timed out receiving message from renderer: 0.100
[1587629000.105][SEVERE]: Timed out receiving message from renderer: 0.100
[1587629001.197][SEVERE]: Timed out receiving message from renderer: 0.100
[1587629001.303][SEVERE]: Timed out receiving message from renderer: 0.100
[1587629001.407][SEVERE]: Timed out receiving message from renderer: 0.100
[1587629001.529][SEVERE]: Timed out receiving message from renderer: 0.100
[1587629001.636][SEVERE]: Timed out receiving message from renderer: 0.100
[1587629001.740][SEVERE]: Timed out receiving message from renderer: 0.100
[1587629001.845][SEVERE]: Timed out receiving message from renderer: 0.100
[1587629001.950][SEVERE]: Timed out receiving message from renderer: 0.100
[1587629002.055][SEVERE]: Timed out receiving message from renderer: 0.100
[1587629002.160][SEVERE]: Timed out receiving message from renderer: 0.100
[1587629002.274][SEVERE]: Timed out receiving message from renderer: 0.100
[1587629003.306][SEVERE]: Timed out receiving message from renderer: 0.100
[1587629004.100][SEVERE]: Timed out receiving message from renderer: 0.100
[1587629005.402][SEVERE]: Timed out receiving message from renderer: 0.100
[1587629005.595][SEVERE]: Timed out receiving message from renderer: 0.100
[1587629005.710][SEVERE]: Timed out receiving message from renderer: 0.100
[1587629005.843][SEVERE]: Timed out receiving message from renderer: 0.100
[1587629006.760][SEVERE]: Timed out receiving message from renderer: 0.100
[1587629006.869][SEVERE]: Timed out receiving message from renderer: 0.100
[1587629006.981][SEVERE]: Timed out receiving message from renderer: 0.100
[1587629007.085][SEVERE]: Timed out receiving message from renderer: 0.100
[1587629007.195][SEVERE]: Timed out receiving message from renderer: 0.100
[1587629007.297][SEVERE]: Timed out receiving message from renderer: 0.100
[1587629007.403][SEVERE]: Timed out receiving message from renderer: 0.100
[1587629007.505][SEVERE]: Timed out receiving message from renderer: 0.100
[1587629007.608][SEVERE]: Timed out receiving message from renderer: 0.100
[1587629007.710][SEVERE]: Timed out receiving message from renderer: 0.100
[1587629007.813][SEVERE]: Timed out receiving message from renderer: 0.100
[1587629007.917][SEVERE]: Timed out receiving message from renderer: 0.100
[1587629008.019][SEVERE]: Timed out receiving message from renderer: 0.100
[1587629008.124][SEVERE]: Timed out receiving message from renderer: 0.100
[1587629008.231][SEVERE]: Timed out receiving message from renderer: 0.100
[1587629008.337][SEVERE]: Timed out receiving message from renderer: 0.100
[1587629008.442][SEVERE]: Timed out receiving message from renderer: 0.100
]]></system-err>
</testsuite>
